<?xml version="1.0" encoding="UTF-8"?>
<!-- Generated by org.testng.reporters.JUnitReportReporter -->
<testsuite skipped="0" hostname="EN32276" name="com.github.fge.jsonschema.format.draftv3.DateTest" tests="6" failures="0" timestamp="08 Nov 2017 19:10:15 GMT" time="0.004" errors="0">
  <testcase name="instanceIsCorrectlyAnalyzed" time="0.001" classname="com.github.fge.jsonschema.format.draftv3.DateTest"/>
  <testcase name="instanceIsCorrectlyAnalyzed" time="0.000" classname="com.github.fge.jsonschema.format.draftv3.DateTest"/>
  <testcase name="instanceIsCorrectlyAnalyzed" time="0.001" classname="com.github.fge.jsonschema.format.draftv3.DateTest"/>
  <testcase name="formatAttributeIsSupported" time="0.001" classname="com.github.fge.jsonschema.format.draftv3.DateTest"/>
  <testcase name="instanceIsCorrectlyAnalyzed" time="0.000" classname="com.github.fge.jsonschema.format.draftv3.DateTest"/>
  <testcase name="instanceIsCorrectlyAnalyzed" time="0.001" classname="com.github.fge.jsonschema.format.draftv3.DateTest"/>
</testsuite> <!-- com.github.fge.jsonschema.format.draftv3.DateTest -->
