<?xml version="1.0" encoding="UTF-8"?>
<!-- Generated by org.testng.reporters.JUnitReportReporter -->
<testsuite skipped="0" hostname="EN32276" name="com.github.fge.jsonschema.keyword.validator.callback.draftv4.DependenciesValidatorTest" tests="6" failures="0" timestamp="08 Nov 2017 19:10:15 GMT" time="0.007" errors="0">
  <testcase name="exceptionOnSecondProcessingWorks" time="0.001" classname="com.github.fge.jsonschema.keyword.validator.callback.draftv4.DependenciesValidatorTest"/>
  <testcase name="keywordExists" time="0.001" classname="com.github.fge.jsonschema.keyword.validator.callback.draftv4.DependenciesValidatorTest"/>
  <testcase name="exceptionOnFirstProcessingWorks" time="0.001" classname="com.github.fge.jsonschema.keyword.validator.callback.draftv4.DependenciesValidatorTest"/>
  <testcase name="OkThenKoWorks" time="0.001" classname="com.github.fge.jsonschema.keyword.validator.callback.draftv4.DependenciesValidatorTest"/>
  <testcase name="KoThenKoWorks" time="0.002" classname="com.github.fge.jsonschema.keyword.validator.callback.draftv4.DependenciesValidatorTest"/>
  <testcase name="OkThenOkWorks" time="0.001" classname="com.github.fge.jsonschema.keyword.validator.callback.draftv4.DependenciesValidatorTest"/>
</testsuite> <!-- com.github.fge.jsonschema.keyword.validator.callback.draftv4.DependenciesValidatorTest -->
