<?xml version="1.0" encoding="UTF-8"?>
<!-- Generated by org.testng.reporters.JUnitReportReporter -->
<testsuite skipped="0" hostname="EN32276" name="com.github.fge.jsonschema.cfg.ValidationConfigurationTest" tests="8" failures="0" timestamp="08 Nov 2017 19:10:15 GMT" time="0.009" errors="0">
  <testcase name="cannotPutNullLibrary" time="0.000" classname="com.github.fge.jsonschema.cfg.ValidationConfigurationTest"/>
  <testcase name="cannotPutNullValidationMessageBundle" time="0.001" classname="com.github.fge.jsonschema.cfg.ValidationConfigurationTest"/>
  <testcase name="cannotOverrideExistingLibrary" time="0.007" classname="com.github.fge.jsonschema.cfg.ValidationConfigurationTest"/>
  <testcase name="cannotPutNullSyntaxMessageBundle" time="0.000" classname="com.github.fge.jsonschema.cfg.ValidationConfigurationTest"/>
  <testcase name="cannotPutInvalidCacheSize" time="0.001" classname="com.github.fge.jsonschema.cfg.ValidationConfigurationTest"/>
  <testcase name="defaultLibraryIsDraftV4" time="0.000" classname="com.github.fge.jsonschema.cfg.ValidationConfigurationTest"/>
  <testcase name="defaultLibraryIsAccountedFor" time="0.000" classname="com.github.fge.jsonschema.cfg.ValidationConfigurationTest"/>
  <testcase name="defaultVersionCannotBeNull" time="0.000" classname="com.github.fge.jsonschema.cfg.ValidationConfigurationTest"/>
</testsuite> <!-- com.github.fge.jsonschema.cfg.ValidationConfigurationTest -->
