<?xml version="1.0" encoding="UTF-8"?>
<!-- Generated by org.testng.reporters.JUnitReportReporter -->
<testsuite skipped="0" hostname="EN32276" name="com.github.fge.jsonschema.processors.build.ValidatorBuilderTest" tests="3" failures="0" timestamp="08 Nov 2017 19:10:15 GMT" time="0.003" errors="0">
  <testcase name="challengedConstructorRaisesAnException" time="0.001" classname="com.github.fge.jsonschema.processors.build.ValidatorBuilderTest"/>
  <testcase name="allRelevantValidatorsAreBuilt" time="0.001" classname="com.github.fge.jsonschema.processors.build.ValidatorBuilderTest"/>
  <testcase name="onlyRelevantValidatorsAreBuilt" time="0.001" classname="com.github.fge.jsonschema.processors.build.ValidatorBuilderTest"/>
</testsuite> <!-- com.github.fge.jsonschema.processors.build.ValidatorBuilderTest -->
