<?xml version="1.0" encoding="UTF-8"?>
<!-- Generated by org.testng.reporters.JUnitReportReporter -->
<testsuite skipped="0" hostname="EN32276" name="com.github.fge.jsonschema.format.draftv3.PhoneTest" tests="5" failures="0" timestamp="08 Nov 2017 19:10:15 GMT" time="0.108" errors="0">
  <testcase name="instanceIsCorrectlyAnalyzed" time="0.001" classname="com.github.fge.jsonschema.format.draftv3.PhoneTest"/>
  <testcase name="formatAttributeIsSupported" time="0.000" classname="com.github.fge.jsonschema.format.draftv3.PhoneTest"/>
  <testcase name="instanceIsCorrectlyAnalyzed" time="0.002" classname="com.github.fge.jsonschema.format.draftv3.PhoneTest"/>
  <testcase name="instanceIsCorrectlyAnalyzed" time="0.104" classname="com.github.fge.jsonschema.format.draftv3.PhoneTest"/>
  <testcase name="instanceIsCorrectlyAnalyzed" time="0.001" classname="com.github.fge.jsonschema.format.draftv3.PhoneTest"/>
</testsuite> <!-- com.github.fge.jsonschema.format.draftv3.PhoneTest -->
