<?xml version="1.0" encoding="UTF-8"?>
<!-- Generated by org.testng.reporters.JUnitReportReporter -->
<testsuite skipped="0" hostname="EN32276" name="com.github.fge.jsonschema.keyword.validator.callback.draftv3.DisallowValidatorTest" tests="6" failures="0" timestamp="08 Nov 2017 19:10:15 GMT" time="0.093" errors="0">
  <testcase name="keywordExists" time="0.000" classname="com.github.fge.jsonschema.keyword.validator.callback.draftv3.DisallowValidatorTest"/>
  <testcase name="OkThenOkWorks" time="0.004" classname="com.github.fge.jsonschema.keyword.validator.callback.draftv3.DisallowValidatorTest"/>
  <testcase name="OkThenKoWorks" time="0.011" classname="com.github.fge.jsonschema.keyword.validator.callback.draftv3.DisallowValidatorTest"/>
  <testcase name="exceptionOnSecondProcessingWorks" time="0.017" classname="com.github.fge.jsonschema.keyword.validator.callback.draftv3.DisallowValidatorTest"/>
  <testcase name="KoThenKoWorks" time="0.058" classname="com.github.fge.jsonschema.keyword.validator.callback.draftv3.DisallowValidatorTest"/>
  <testcase name="exceptionOnFirstProcessingWorks" time="0.003" classname="com.github.fge.jsonschema.keyword.validator.callback.draftv3.DisallowValidatorTest"/>
</testsuite> <!-- com.github.fge.jsonschema.keyword.validator.callback.draftv3.DisallowValidatorTest -->
