<?xml version="1.0" encoding="UTF-8"?>
<!-- Generated by org.testng.reporters.JUnitReportReporter -->
<testsuite skipped="0" hostname="EN32276" name="com.github.fge.jsonschema.processors.digest.SchemaDigesterTest" tests="8" failures="0" timestamp="08 Nov 2017 19:10:15 GMT" time="0.039" errors="0">
  <testcase name="onlyRelevantDigestsAreBuilt" time="0.002" classname="com.github.fge.jsonschema.processors.digest.SchemaDigesterTest"/>
  <testcase name="onlyRelevantDigestsAreBuilt" time="0.002" classname="com.github.fge.jsonschema.processors.digest.SchemaDigesterTest"/>
  <testcase name="onlyRelevantDigestsAreBuilt" time="0.002" classname="com.github.fge.jsonschema.processors.digest.SchemaDigesterTest"/>
  <testcase name="onlyRelevantDigestsAreBuilt" time="0.002" classname="com.github.fge.jsonschema.processors.digest.SchemaDigesterTest"/>
  <testcase name="onlyRelevantDigestsAreBuilt" time="0.003" classname="com.github.fge.jsonschema.processors.digest.SchemaDigesterTest"/>
  <testcase name="onlyRelevantDigestsAreBuilt" time="0.002" classname="com.github.fge.jsonschema.processors.digest.SchemaDigesterTest"/>
  <testcase name="onlyRelevantDigestsAreBuilt" time="0.023" classname="com.github.fge.jsonschema.processors.digest.SchemaDigesterTest"/>
  <testcase name="nonPresentKeywordDoesNotTriggerBuild" time="0.003" classname="com.github.fge.jsonschema.processors.digest.SchemaDigesterTest"/>
</testsuite> <!-- com.github.fge.jsonschema.processors.digest.SchemaDigesterTest -->
