<?xml version="1.0" encoding="UTF-8"?>
<!-- Generated by org.testng.reporters.JUnitReportReporter -->
<testsuite skipped="0" hostname="EN32276" name="com.github.fge.jsonschema.library.LibraryBuilderTest" tests="5" failures="0" timestamp="08 Nov 2017 19:10:15 GMT" time="0.001" errors="0">
  <testcase name="cannotRemoveFormatAttributeWithNullName" time="0.001" classname="com.github.fge.jsonschema.library.LibraryBuilderTest"/>
  <testcase name="cannotAddNullKeyword" time="0.000" classname="com.github.fge.jsonschema.library.LibraryBuilderTest"/>
  <testcase name="cannotAddNullFormatAttribute" time="0.000" classname="com.github.fge.jsonschema.library.LibraryBuilderTest"/>
  <testcase name="cannotRemoveNullKeyword" time="0.000" classname="com.github.fge.jsonschema.library.LibraryBuilderTest"/>
  <testcase name="cannotAddFormatAttributeWithNullName" time="0.000" classname="com.github.fge.jsonschema.library.LibraryBuilderTest"/>
</testsuite> <!-- com.github.fge.jsonschema.library.LibraryBuilderTest -->
