<?xml version="1.0" encoding="UTF-8"?>
<!-- Generated by org.testng.reporters.JUnitReportReporter -->
<testsuite skipped="0" hostname="EN32276" name="com.github.fge.jsonschema.validation.SelfValidationTest" tests="20" failures="0" timestamp="08 Nov 2017 19:10:15 GMT" time="2.843" errors="0">
  <testcase name="v3ValidatesItself" time="0.367" classname="com.github.fge.jsonschema.validation.SelfValidationTest"/>
  <testcase name="v3ValidatesItself" time="0.304" classname="com.github.fge.jsonschema.validation.SelfValidationTest"/>
  <testcase name="v4ValidatesItselfButNotV3" time="0.252" classname="com.github.fge.jsonschema.validation.SelfValidationTest"/>
  <testcase name="v4ValidatesItselfButNotV3" time="0.143" classname="com.github.fge.jsonschema.validation.SelfValidationTest"/>
  <testcase name="v3ValidatesItself" time="0.256" classname="com.github.fge.jsonschema.validation.SelfValidationTest"/>
  <testcase name="v4ValidatesItselfButNotV3" time="0.130" classname="com.github.fge.jsonschema.validation.SelfValidationTest"/>
  <testcase name="v4ValidatesItselfButNotV3" time="0.088" classname="com.github.fge.jsonschema.validation.SelfValidationTest"/>
  <testcase name="v3ValidatesItself" time="0.020" classname="com.github.fge.jsonschema.validation.SelfValidationTest"/>
  <testcase name="v4ValidatesItselfButNotV3" time="0.085" classname="com.github.fge.jsonschema.validation.SelfValidationTest"/>
  <testcase name="v3ValidatesItself" time="0.067" classname="com.github.fge.jsonschema.validation.SelfValidationTest"/>
  <testcase name="v4ValidatesItselfButNotV3" time="0.205" classname="com.github.fge.jsonschema.validation.SelfValidationTest"/>
  <testcase name="v3ValidatesItself" time="0.052" classname="com.github.fge.jsonschema.validation.SelfValidationTest"/>
  <testcase name="v4ValidatesItselfButNotV3" time="0.032" classname="com.github.fge.jsonschema.validation.SelfValidationTest"/>
  <testcase name="v3ValidatesItself" time="0.033" classname="com.github.fge.jsonschema.validation.SelfValidationTest"/>
  <testcase name="v4ValidatesItselfButNotV3" time="0.053" classname="com.github.fge.jsonschema.validation.SelfValidationTest"/>
  <testcase name="v3ValidatesItself" time="0.108" classname="com.github.fge.jsonschema.validation.SelfValidationTest"/>
  <testcase name="v4ValidatesItselfButNotV3" time="0.200" classname="com.github.fge.jsonschema.validation.SelfValidationTest"/>
  <testcase name="v3ValidatesItself" time="0.297" classname="com.github.fge.jsonschema.validation.SelfValidationTest"/>
  <testcase name="v4ValidatesItselfButNotV3" time="0.082" classname="com.github.fge.jsonschema.validation.SelfValidationTest"/>
  <testcase name="v3ValidatesItself" time="0.069" classname="com.github.fge.jsonschema.validation.SelfValidationTest"/>
</testsuite> <!-- com.github.fge.jsonschema.validation.SelfValidationTest -->
