<?xml version="1.0" encoding="UTF-8"?>
<!-- Generated by org.testng.reporters.JUnitReportReporter -->
<testsuite skipped="0" hostname="EN32276" name="com.github.fge.jsonschema.format.draftv3.TimeTest" tests="8" failures="0" timestamp="08 Nov 2017 19:10:15 GMT" time="0.011" errors="0">
  <testcase name="instanceIsCorrectlyAnalyzed" time="0.001" classname="com.github.fge.jsonschema.format.draftv3.TimeTest"/>
  <testcase name="instanceIsCorrectlyAnalyzed" time="0.001" classname="com.github.fge.jsonschema.format.draftv3.TimeTest"/>
  <testcase name="instanceIsCorrectlyAnalyzed" time="0.003" classname="com.github.fge.jsonschema.format.draftv3.TimeTest"/>
  <testcase name="instanceIsCorrectlyAnalyzed" time="0.003" classname="com.github.fge.jsonschema.format.draftv3.TimeTest"/>
  <testcase name="instanceIsCorrectlyAnalyzed" time="0.001" classname="com.github.fge.jsonschema.format.draftv3.TimeTest"/>
  <testcase name="formatAttributeIsSupported" time="0.001" classname="com.github.fge.jsonschema.format.draftv3.TimeTest"/>
  <testcase name="instanceIsCorrectlyAnalyzed" time="0.001" classname="com.github.fge.jsonschema.format.draftv3.TimeTest"/>
  <testcase name="instanceIsCorrectlyAnalyzed" time="0.000" classname="com.github.fge.jsonschema.format.draftv3.TimeTest"/>
</testsuite> <!-- com.github.fge.jsonschema.format.draftv3.TimeTest -->
