<?xml version="1.0" encoding="UTF-8"?>
<!-- Generated by org.testng.reporters.JUnitReportReporter -->
<testsuite skipped="0" hostname="EN32276" name="com.github.fge.jsonschema.format.draftv3.HostnameTest" tests="4" failures="0" timestamp="08 Nov 2017 19:10:15 GMT" time="0.194" errors="0">
  <testcase name="instanceIsCorrectlyAnalyzed" time="0.189" classname="com.github.fge.jsonschema.format.draftv3.HostnameTest"/>
  <testcase name="instanceIsCorrectlyAnalyzed" time="0.003" classname="com.github.fge.jsonschema.format.draftv3.HostnameTest"/>
  <testcase name="instanceIsCorrectlyAnalyzed" time="0.002" classname="com.github.fge.jsonschema.format.draftv3.HostnameTest"/>
  <testcase name="formatAttributeIsSupported" time="0.000" classname="com.github.fge.jsonschema.format.draftv3.HostnameTest"/>
</testsuite> <!-- com.github.fge.jsonschema.format.draftv3.HostnameTest -->
