<?xml version="1.0" encoding="UTF-8"?>
<!-- Generated by org.testng.reporters.JUnitReportReporter -->
<testsuite skipped="0" hostname="EN32276" name="com.github.fge.jsonschema.keyword.validator.draftv4.DraftV4TypeValidatorTest" tests="14" failures="0" timestamp="08 Nov 2017 19:10:15 GMT" time="0.018" errors="0">
  <testcase name="instancesAreValidatedCorrectly" time="0.001" classname="com.github.fge.jsonschema.keyword.validator.draftv4.DraftV4TypeValidatorTest"/>
  <testcase name="instancesAreValidatedCorrectly" time="0.001" classname="com.github.fge.jsonschema.keyword.validator.draftv4.DraftV4TypeValidatorTest"/>
  <testcase name="instancesAreValidatedCorrectly" time="0.001" classname="com.github.fge.jsonschema.keyword.validator.draftv4.DraftV4TypeValidatorTest"/>
  <testcase name="keywordExists" time="0.000" classname="com.github.fge.jsonschema.keyword.validator.draftv4.DraftV4TypeValidatorTest"/>
  <testcase name="instancesAreValidatedCorrectly" time="0.004" classname="com.github.fge.jsonschema.keyword.validator.draftv4.DraftV4TypeValidatorTest"/>
  <testcase name="instancesAreValidatedCorrectly" time="0.001" classname="com.github.fge.jsonschema.keyword.validator.draftv4.DraftV4TypeValidatorTest"/>
  <testcase name="instancesAreValidatedCorrectly" time="0.002" classname="com.github.fge.jsonschema.keyword.validator.draftv4.DraftV4TypeValidatorTest"/>
  <testcase name="instancesAreValidatedCorrectly" time="0.001" classname="com.github.fge.jsonschema.keyword.validator.draftv4.DraftV4TypeValidatorTest"/>
  <testcase name="instancesAreValidatedCorrectly" time="0.002" classname="com.github.fge.jsonschema.keyword.validator.draftv4.DraftV4TypeValidatorTest"/>
  <testcase name="instancesAreValidatedCorrectly" time="0.003" classname="com.github.fge.jsonschema.keyword.validator.draftv4.DraftV4TypeValidatorTest"/>
  <testcase name="instancesAreValidatedCorrectly" time="0.001" classname="com.github.fge.jsonschema.keyword.validator.draftv4.DraftV4TypeValidatorTest"/>
  <testcase name="instancesAreValidatedCorrectly" time="0.000" classname="com.github.fge.jsonschema.keyword.validator.draftv4.DraftV4TypeValidatorTest"/>
  <testcase name="instancesAreValidatedCorrectly" time="0.001" classname="com.github.fge.jsonschema.keyword.validator.draftv4.DraftV4TypeValidatorTest"/>
  <testcase name="instancesAreValidatedCorrectly" time="0.000" classname="com.github.fge.jsonschema.keyword.validator.draftv4.DraftV4TypeValidatorTest"/>
</testsuite> <!-- com.github.fge.jsonschema.keyword.validator.draftv4.DraftV4TypeValidatorTest -->
