<?xml version="1.0" encoding="UTF-8"?>
<!-- Generated by org.testng.reporters.JUnitReportReporter -->
<testsuite skipped="0" hostname="EN32276" name="com.github.fge.jsonschema.keyword.digest.common.MaximumDigesterTest" tests="18" failures="0" timestamp="08 Nov 2017 19:10:15 GMT" time="0.026" errors="0">
  <testcase name="digestsAreCorrectlyComputed" time="0.000" classname="com.github.fge.jsonschema.keyword.digest.common.MaximumDigesterTest"/>
  <testcase name="digestsAreCorrectlyComputed" time="0.000" classname="com.github.fge.jsonschema.keyword.digest.common.MaximumDigesterTest"/>
  <testcase name="digestsAreCorrectlyComputed" time="0.000" classname="com.github.fge.jsonschema.keyword.digest.common.MaximumDigesterTest"/>
  <testcase name="keywordExists" time="0.000" classname="com.github.fge.jsonschema.keyword.digest.common.MaximumDigesterTest"/>
  <testcase name="digestsAreCorrectlyComputed" time="0.000" classname="com.github.fge.jsonschema.keyword.digest.common.MaximumDigesterTest"/>
  <testcase name="digestsAreCorrectlyComputed" time="0.000" classname="com.github.fge.jsonschema.keyword.digest.common.MaximumDigesterTest"/>
  <testcase name="digestsAreCorrectlyComputed" time="0.001" classname="com.github.fge.jsonschema.keyword.digest.common.MaximumDigesterTest"/>
  <testcase name="digestsAreCorrectlyComputed" time="0.000" classname="com.github.fge.jsonschema.keyword.digest.common.MaximumDigesterTest"/>
  <testcase name="digestsAreCorrectlyComputed" time="0.000" classname="com.github.fge.jsonschema.keyword.digest.common.MaximumDigesterTest"/>
  <testcase name="digestsAreCorrectlyComputed" time="0.017" classname="com.github.fge.jsonschema.keyword.digest.common.MaximumDigesterTest"/>
  <testcase name="digestsAreCorrectlyComputed" time="0.001" classname="com.github.fge.jsonschema.keyword.digest.common.MaximumDigesterTest"/>
  <testcase name="digestsAreCorrectlyComputed" time="0.000" classname="com.github.fge.jsonschema.keyword.digest.common.MaximumDigesterTest"/>
  <testcase name="digestsAreCorrectlyComputed" time="0.006" classname="com.github.fge.jsonschema.keyword.digest.common.MaximumDigesterTest"/>
  <testcase name="digestsAreCorrectlyComputed" time="0.001" classname="com.github.fge.jsonschema.keyword.digest.common.MaximumDigesterTest"/>
  <testcase name="digestsAreCorrectlyComputed" time="0.000" classname="com.github.fge.jsonschema.keyword.digest.common.MaximumDigesterTest"/>
  <testcase name="digestsAreCorrectlyComputed" time="0.000" classname="com.github.fge.jsonschema.keyword.digest.common.MaximumDigesterTest"/>
  <testcase name="digestsAreCorrectlyComputed" time="0.000" classname="com.github.fge.jsonschema.keyword.digest.common.MaximumDigesterTest"/>
  <testcase name="digestsAreCorrectlyComputed" time="0.000" classname="com.github.fge.jsonschema.keyword.digest.common.MaximumDigesterTest"/>
</testsuite> <!-- com.github.fge.jsonschema.keyword.digest.common.MaximumDigesterTest -->
