<?xml version="1.0" encoding="UTF-8"?>
<!-- Generated by org.testng.reporters.JUnitReportReporter -->
<testsuite skipped="0" hostname="EN32276" name="com.github.fge.jsonschema.processors.validation.ArraySchemaSelectorTest" tests="9" failures="0" timestamp="08 Nov 2017 19:10:15 GMT" time="0.003" errors="0">
  <testcase name="schemaPointersAreCorrectlyComputed" time="0.000" classname="com.github.fge.jsonschema.processors.validation.ArraySchemaSelectorTest"/>
  <testcase name="schemaPointersAreCorrectlyComputed" time="0.000" classname="com.github.fge.jsonschema.processors.validation.ArraySchemaSelectorTest"/>
  <testcase name="schemaPointersAreCorrectlyComputed" time="0.000" classname="com.github.fge.jsonschema.processors.validation.ArraySchemaSelectorTest"/>
  <testcase name="schemaPointersAreCorrectlyComputed" time="0.000" classname="com.github.fge.jsonschema.processors.validation.ArraySchemaSelectorTest"/>
  <testcase name="schemaPointersAreCorrectlyComputed" time="0.000" classname="com.github.fge.jsonschema.processors.validation.ArraySchemaSelectorTest"/>
  <testcase name="schemaPointersAreCorrectlyComputed" time="0.003" classname="com.github.fge.jsonschema.processors.validation.ArraySchemaSelectorTest"/>
  <testcase name="schemaPointersAreCorrectlyComputed" time="0.000" classname="com.github.fge.jsonschema.processors.validation.ArraySchemaSelectorTest"/>
  <testcase name="schemaPointersAreCorrectlyComputed" time="0.000" classname="com.github.fge.jsonschema.processors.validation.ArraySchemaSelectorTest"/>
  <testcase name="schemaPointersAreCorrectlyComputed" time="0.000" classname="com.github.fge.jsonschema.processors.validation.ArraySchemaSelectorTest"/>
</testsuite> <!-- com.github.fge.jsonschema.processors.validation.ArraySchemaSelectorTest -->
