<?xml version="1.0" encoding="UTF-8"?>
<!-- Generated by org.testng.reporters.JUnitReportReporter -->
<testsuite skipped="0" hostname="EN32276" name="com.github.fge.jsonschema.keyword.digest.draftv3.DisallowDigesterTest" tests="24" failures="0" timestamp="08 Nov 2017 19:10:15 GMT" time="0.001" errors="0">
  <testcase name="digestsAreCorrectlyComputed" time="0.000" classname="com.github.fge.jsonschema.keyword.digest.draftv3.DisallowDigesterTest"/>
  <testcase name="digestsAreCorrectlyComputed" time="0.000" classname="com.github.fge.jsonschema.keyword.digest.draftv3.DisallowDigesterTest"/>
  <testcase name="digestsAreCorrectlyComputed" time="0.000" classname="com.github.fge.jsonschema.keyword.digest.draftv3.DisallowDigesterTest"/>
  <testcase name="digestsAreCorrectlyComputed" time="0.000" classname="com.github.fge.jsonschema.keyword.digest.draftv3.DisallowDigesterTest"/>
  <testcase name="digestsAreCorrectlyComputed" time="0.000" classname="com.github.fge.jsonschema.keyword.digest.draftv3.DisallowDigesterTest"/>
  <testcase name="digestsAreCorrectlyComputed" time="0.000" classname="com.github.fge.jsonschema.keyword.digest.draftv3.DisallowDigesterTest"/>
  <testcase name="digestsAreCorrectlyComputed" time="0.000" classname="com.github.fge.jsonschema.keyword.digest.draftv3.DisallowDigesterTest"/>
  <testcase name="digestsAreCorrectlyComputed" time="0.000" classname="com.github.fge.jsonschema.keyword.digest.draftv3.DisallowDigesterTest"/>
  <testcase name="digestsAreCorrectlyComputed" time="0.000" classname="com.github.fge.jsonschema.keyword.digest.draftv3.DisallowDigesterTest"/>
  <testcase name="digestsAreCorrectlyComputed" time="0.000" classname="com.github.fge.jsonschema.keyword.digest.draftv3.DisallowDigesterTest"/>
  <testcase name="digestsAreCorrectlyComputed" time="0.000" classname="com.github.fge.jsonschema.keyword.digest.draftv3.DisallowDigesterTest"/>
  <testcase name="digestsAreCorrectlyComputed" time="0.000" classname="com.github.fge.jsonschema.keyword.digest.draftv3.DisallowDigesterTest"/>
  <testcase name="digestsAreCorrectlyComputed" time="0.000" classname="com.github.fge.jsonschema.keyword.digest.draftv3.DisallowDigesterTest"/>
  <testcase name="digestsAreCorrectlyComputed" time="0.000" classname="com.github.fge.jsonschema.keyword.digest.draftv3.DisallowDigesterTest"/>
  <testcase name="keywordExists" time="0.000" classname="com.github.fge.jsonschema.keyword.digest.draftv3.DisallowDigesterTest"/>
  <testcase name="digestsAreCorrectlyComputed" time="0.000" classname="com.github.fge.jsonschema.keyword.digest.draftv3.DisallowDigesterTest"/>
  <testcase name="digestsAreCorrectlyComputed" time="0.001" classname="com.github.fge.jsonschema.keyword.digest.draftv3.DisallowDigesterTest"/>
  <testcase name="digestsAreCorrectlyComputed" time="0.000" classname="com.github.fge.jsonschema.keyword.digest.draftv3.DisallowDigesterTest"/>
  <testcase name="digestsAreCorrectlyComputed" time="0.000" classname="com.github.fge.jsonschema.keyword.digest.draftv3.DisallowDigesterTest"/>
  <testcase name="digestsAreCorrectlyComputed" time="0.000" classname="com.github.fge.jsonschema.keyword.digest.draftv3.DisallowDigesterTest"/>
  <testcase name="digestsAreCorrectlyComputed" time="0.000" classname="com.github.fge.jsonschema.keyword.digest.draftv3.DisallowDigesterTest"/>
  <testcase name="digestsAreCorrectlyComputed" time="0.000" classname="com.github.fge.jsonschema.keyword.digest.draftv3.DisallowDigesterTest"/>
  <testcase name="digestsAreCorrectlyComputed" time="0.000" classname="com.github.fge.jsonschema.keyword.digest.draftv3.DisallowDigesterTest"/>
  <testcase name="digestsAreCorrectlyComputed" time="0.000" classname="com.github.fge.jsonschema.keyword.digest.draftv3.DisallowDigesterTest"/>
</testsuite> <!-- com.github.fge.jsonschema.keyword.digest.draftv3.DisallowDigesterTest -->
