<?xml version="1.0" encoding="UTF-8"?>
<!-- Generated by org.testng.reporters.JUnitReportReporter -->
<testsuite skipped="0" hostname="EN32276" name="com.github.fge.jsonschema.format.draftv3.UTCMillisecTest" tests="7" failures="0" timestamp="08 Nov 2017 19:10:15 GMT" time="0.005" errors="0">
  <testcase name="retestAttribute" time="0.000" classname="com.github.fge.jsonschema.format.draftv3.UTCMillisecTest"/>
  <testcase name="formatAttributeIsSupported" time="0.000" classname="com.github.fge.jsonschema.format.draftv3.UTCMillisecTest"/>
  <testcase name="userIsWarnedAboutPotentialOverflows" time="0.002" classname="com.github.fge.jsonschema.format.draftv3.UTCMillisecTest"/>
  <testcase name="userIsWarnedAboutNegativeEpochs" time="0.001" classname="com.github.fge.jsonschema.format.draftv3.UTCMillisecTest"/>
  <testcase name="userIsWarnedAboutPotentialOverflows" time="0.001" classname="com.github.fge.jsonschema.format.draftv3.UTCMillisecTest"/>
  <testcase name="userIsWarnedAboutNegativeEpochs" time="0.000" classname="com.github.fge.jsonschema.format.draftv3.UTCMillisecTest"/>
  <testcase name="userIsWarnedAboutNegativeEpochs" time="0.001" classname="com.github.fge.jsonschema.format.draftv3.UTCMillisecTest"/>
</testsuite> <!-- com.github.fge.jsonschema.format.draftv3.UTCMillisecTest -->
