<?xml version="1.0" encoding="UTF-8"?>
<!-- Generated by org.testng.reporters.JUnitReportReporter -->
<testsuite skipped="0" hostname="EN32276" name="com.github.fge.jsonschema.processors.format.FormatProcessorTest" tests="10" failures="0" timestamp="08 Nov 2017 19:10:15 GMT" time="0.032" errors="0">
  <testcase name="supportedNodeTypesTriggerAttributeBuild" time="0.001" classname="com.github.fge.jsonschema.processors.format.FormatProcessorTest"/>
  <testcase name="unknownFormatAttributesAreReportedAsWarnings" time="0.002" classname="com.github.fge.jsonschema.processors.format.FormatProcessorTest"/>
  <testcase name="unsupportedTypeDoesNotTriggerValidatorBuild" time="0.001" classname="com.github.fge.jsonschema.processors.format.FormatProcessorTest"/>
  <testcase name="unsupportedTypeDoesNotTriggerValidatorBuild" time="0.000" classname="com.github.fge.jsonschema.processors.format.FormatProcessorTest"/>
  <testcase name="supportedNodeTypesTriggerAttributeBuild" time="0.001" classname="com.github.fge.jsonschema.processors.format.FormatProcessorTest"/>
  <testcase name="noFormatInSchemaIsANoOp" time="0.002" classname="com.github.fge.jsonschema.processors.format.FormatProcessorTest"/>
  <testcase name="supportedNodeTypesTriggerAttributeBuild" time="0.025" classname="com.github.fge.jsonschema.processors.format.FormatProcessorTest"/>
  <testcase name="unsupportedTypeDoesNotTriggerValidatorBuild" time="0.000" classname="com.github.fge.jsonschema.processors.format.FormatProcessorTest"/>
  <testcase name="unsupportedTypeDoesNotTriggerValidatorBuild" time="0.000" classname="com.github.fge.jsonschema.processors.format.FormatProcessorTest"/>
  <testcase name="attributeIsBeingAskedWhatIsSupports" time="0.000" classname="com.github.fge.jsonschema.processors.format.FormatProcessorTest"/>
</testsuite> <!-- com.github.fge.jsonschema.processors.format.FormatProcessorTest -->
