<?xml version="1.0" encoding="UTF-8"?>
<!-- Generated by org.testng.reporters.JUnitReportReporter -->
<testsuite skipped="0" hostname="EN32276" name="com.github.fge.jsonschema.keyword.validator.draftv3.DependenciesValidatorTest" tests="3" failures="0" timestamp="08 Nov 2017 19:10:15 GMT" time="0.001" errors="0">
  <testcase name="keywordExists" time="0.000" classname="com.github.fge.jsonschema.keyword.validator.draftv3.DependenciesValidatorTest"/>
  <testcase name="instancesAreValidatedCorrectly" time="0.000" classname="com.github.fge.jsonschema.keyword.validator.draftv3.DependenciesValidatorTest"/>
  <testcase name="instancesAreValidatedCorrectly" time="0.001" classname="com.github.fge.jsonschema.keyword.validator.draftv3.DependenciesValidatorTest"/>
</testsuite> <!-- com.github.fge.jsonschema.keyword.validator.draftv3.DependenciesValidatorTest -->
