<?xml version="1.0" encoding="UTF-8"?>
<!-- Generated by org.testng.reporters.JUnitReportReporter -->
<testsuite skipped="0" hostname="EN32276" name="com.github.fge.jsonschema.library.KeywordTest" tests="8" failures="0" timestamp="08 Nov 2017 19:10:15 GMT" time="0.011" errors="0">
  <testcase name="cannotCreateKeywordWithNullName" time="0.009" classname="com.github.fge.jsonschema.library.KeywordTest"/>
  <testcase name="whenValidatorIsPresentSyntaxCheckerMustBeThere" time="0.000" classname="com.github.fge.jsonschema.library.KeywordTest"/>
  <testcase name="validatorClassMustBePairedWithDigester" time="0.000" classname="com.github.fge.jsonschema.library.KeywordTest"/>
  <testcase name="cannotInjectNullSyntaxChecker" time="0.000" classname="com.github.fge.jsonschema.library.KeywordTest"/>
  <testcase name="inappropriateConstructorThrowsAppropriateError" time="0.001" classname="com.github.fge.jsonschema.library.KeywordTest"/>
  <testcase name="simpleDigesterTypesMustNotBeNull" time="0.000" classname="com.github.fge.jsonschema.library.KeywordTest"/>
  <testcase name="identityDigesterTypesMustNotBeNull" time="0.000" classname="com.github.fge.jsonschema.library.KeywordTest"/>
  <testcase name="cannotInjectNullDigester" time="0.001" classname="com.github.fge.jsonschema.library.KeywordTest"/>
</testsuite> <!-- com.github.fge.jsonschema.library.KeywordTest -->
