<?xml version="1.0" encoding="UTF-8"?>
<!-- Generated by org.testng.reporters.JUnitReportReporter -->
<testsuite skipped="0" hostname="EN32276" name="com.github.fge.jsonschema.keyword.validator.common.MaxLengthValidatorTest" tests="5" failures="0" timestamp="08 Nov 2017 19:10:15 GMT" time="0.002" errors="0">
  <testcase name="instancesAreValidatedCorrectly" time="0.000" classname="com.github.fge.jsonschema.keyword.validator.common.MaxLengthValidatorTest"/>
  <testcase name="instancesAreValidatedCorrectly" time="0.000" classname="com.github.fge.jsonschema.keyword.validator.common.MaxLengthValidatorTest"/>
  <testcase name="keywordExists" time="0.000" classname="com.github.fge.jsonschema.keyword.validator.common.MaxLengthValidatorTest"/>
  <testcase name="instancesAreValidatedCorrectly" time="0.000" classname="com.github.fge.jsonschema.keyword.validator.common.MaxLengthValidatorTest"/>
  <testcase name="instancesAreValidatedCorrectly" time="0.002" classname="com.github.fge.jsonschema.keyword.validator.common.MaxLengthValidatorTest"/>
</testsuite> <!-- com.github.fge.jsonschema.keyword.validator.common.MaxLengthValidatorTest -->
