<?xml version="1.0" encoding="UTF-8"?>
<!-- Generated by org.testng.reporters.JUnitReportReporter -->
<testsuite skipped="0" hostname="EN32276" name="com.github.fge.jsonschema.main.JsonSchemaFactoryTest" tests="3" failures="0" timestamp="08 Nov 2017 19:10:15 GMT" time="0.003" errors="0">
  <testcase name="cannotInsertNullReportProvider" time="0.001" classname="com.github.fge.jsonschema.main.JsonSchemaFactoryTest"/>
  <testcase name="cannotInsertNullLoadingConfiguration" time="0.001" classname="com.github.fge.jsonschema.main.JsonSchemaFactoryTest"/>
  <testcase name="cannotInsertNullValidationConfiguration" time="0.001" classname="com.github.fge.jsonschema.main.JsonSchemaFactoryTest"/>
</testsuite> <!-- com.github.fge.jsonschema.main.JsonSchemaFactoryTest -->
