<?xml version="1.0" encoding="UTF-8" ?>
<testsuite tests="654" failures="0" name="TestSuite" time="2.066" errors="0" skipped="0">
  <properties>
    <property name="java.runtime.name" value="Java(TM) SE Runtime Environment"/>
    <property name="sun.boot.library.path" value="C:\Program Files\Java\jdk1.8.0_144\jre\bin"/>
    <property name="java.vm.version" value="25.144-b01"/>
    <property name="java.vm.vendor" value="Oracle Corporation"/>
    <property name="maven.multiModuleProjectDirectory" value="C:\Projects\EnHub\pad-lab-3"/>
    <property name="java.vendor.url" value="http://java.oracle.com/"/>
    <property name="path.separator" value=";"/>
    <property name="guice.disable.misplaced.annotation.check" value="true"/>
    <property name="java.vm.name" value="Java HotSpot(TM) 64-Bit Server VM"/>
    <property name="file.encoding.pkg" value="sun.io"/>
    <property name="user.script" value=""/>
    <property name="user.country" value="US"/>
    <property name="sun.java.launcher" value="SUN_STANDARD"/>
    <property name="sun.os.patch.level" value=""/>
    <property name="java.vm.specification.name" value="Java Virtual Machine Specification"/>
    <property name="user.dir" value="C:\Projects\EnHub\pad-lab-3"/>
    <property name="java.runtime.version" value="1.8.0_144-b01"/>
    <property name="java.awt.graphicsenv" value="sun.awt.Win32GraphicsEnvironment"/>
    <property name="java.endorsed.dirs" value="C:\Program Files\Java\jdk1.8.0_144\jre\lib\endorsed"/>
    <property name="os.arch" value="amd64"/>
    <property name="java.io.tmpdir" value="C:\Users\anrosca\AppData\Local\Temp\"/>
    <property name="line.separator" value="
"/>
    <property name="java.vm.specification.vendor" value="Oracle Corporation"/>
    <property name="user.variant" value=""/>
    <property name="os.name" value="Windows 10"/>
    <property name="classworlds.conf" value="C:\Tools\apache-maven-3.5.0\bin\..\bin\m2.conf"/>
    <property name="sun.jnu.encoding" value="Cp1252"/>
    <property name="java.library.path" value="C:\Program Files\Java\jdk1.8.0_144\bin;C:\Windows\Sun\Java\bin;C:\Windows\system32;C:\Windows;C:\Tools\cmder\bin;C:\Tools\cmder\vendor\conemu-maximus5\ConEmu\Scripts;C:\Tools\cmder\vendor\conemu-maximus5;C:\Tools\cmder\vendor\conemu-maximus5\ConEmu;C:\ProgramData\Oracle\Java\javapath;C:\Windows\system32;C:\Windows;C:\Windows\System32\Wbem;C:\Windows\System32\WindowsPowerShell\v1.0\;C:\Program Files\nodejs\;C:\HashiCorp\Vagrant\bin;C:\Program Files (x86)\Git\cmd;C:\Program Files (x86)\Git\bin;C:\Program Files (x86)\GitExtensions\;C:\Users\anrosca\AppData\Local\Microsoft\WindowsApps;C:\Program Files\Java\jdk1.8.0_144\bin;C:\Users\anrosca\AppData\Roaming\npm;C:\Tools\apache-maven-3.5.0\bin;C:\Tools\emacs\bin\;C:\Program Files\KDiff3\bin;C:\Program Files\KDiff3;C:\Program Files (x86)\Git\usr\bin;C:\Program Files (x86)\Git\usr\share\vim\vim74;C:\Tools\cmder\;."/>
    <property name="maven.conf" value="C:\Tools\apache-maven-3.5.0\bin\../conf"/>
    <property name="java.specification.name" value="Java Platform API Specification"/>
    <property name="java.class.version" value="52.0"/>
    <property name="sun.management.compiler" value="HotSpot 64-Bit Tiered Compilers"/>
    <property name="os.version" value="10.0"/>
    <property name="library.jansi.path" value="C:\Tools\apache-maven-3.5.0\bin\..\lib\jansi-native\windows64"/>
    <property name="user.home" value="C:\Users\anrosca"/>
    <property name="user.timezone" value="EET"/>
    <property name="java.awt.printerjob" value="sun.awt.windows.WPrinterJob"/>
    <property name="java.specification.version" value="1.8"/>
    <property name="file.encoding" value="Cp1252"/>
    <property name="user.name" value="anrosca"/>
    <property name="java.class.path" value="C:\Tools\apache-maven-3.5.0\bin\..\boot\plexus-classworlds-2.5.2.jar"/>
    <property name="java.vm.specification.version" value="1.8"/>
    <property name="sun.arch.data.model" value="64"/>
    <property name="java.home" value="C:\Program Files\Java\jdk1.8.0_144\jre"/>
    <property name="sun.java.command" value="org.codehaus.plexus.classworlds.launcher.Launcher clean install"/>
    <property name="java.specification.vendor" value="Oracle Corporation"/>
    <property name="user.language" value="en"/>
    <property name="awt.toolkit" value="sun.awt.windows.WToolkit"/>
    <property name="java.vm.info" value="mixed mode"/>
    <property name="java.version" value="1.8.0_144"/>
    <property name="java.ext.dirs" value="C:\Program Files\Java\jdk1.8.0_144\jre\lib\ext;C:\Windows\Sun\Java\lib\ext"/>
    <property name="sun.boot.class.path" value="C:\Program Files\Java\jdk1.8.0_144\jre\lib\resources.jar;C:\Program Files\Java\jdk1.8.0_144\jre\lib\rt.jar;C:\Program Files\Java\jdk1.8.0_144\jre\lib\sunrsasign.jar;C:\Program Files\Java\jdk1.8.0_144\jre\lib\jsse.jar;C:\Program Files\Java\jdk1.8.0_144\jre\lib\jce.jar;C:\Program Files\Java\jdk1.8.0_144\jre\lib\charsets.jar;C:\Program Files\Java\jdk1.8.0_144\jre\lib\jfr.jar;C:\Program Files\Java\jdk1.8.0_144\jre\classes"/>
    <property name="sun.stderr.encoding" value="cp437"/>
    <property name="java.vendor" value="Oracle Corporation"/>
    <property name="maven.home" value="C:\Tools\apache-maven-3.5.0\bin\.."/>
    <property name="file.separator" value="\"/>
    <property name="java.vendor.url.bug" value="http://bugreport.sun.com/bugreport/"/>
    <property name="sun.cpu.endian" value="little"/>
    <property name="sun.io.unicode.encoding" value="UnicodeLittle"/>
    <property name="sun.stdout.encoding" value="cp437"/>
    <property name="sun.desktop" value="windows"/>
    <property name="sun.cpu.isalist" value="amd64"/>
  </properties>
  <testcase classname="com.github.fge.jsonschema.keyword.digest.common.AdditionalItemsDigesterTest" name="keywordExists" time="0.018"/>
  <testcase classname="com.github.fge.jsonschema.keyword.digest.common.EnumDigesterTest" name="keywordExists" time="0"/>
  <testcase classname="com.github.fge.jsonschema.keyword.digest.draftv3.DraftV3PropertiesDigesterTest" name="keywordExists" time="0"/>
  <testcase classname="com.github.fge.jsonschema.keyword.digest.draftv4.DraftV4TypeDigesterTest" name="keywordExists" time="0"/>
  <testcase classname="com.github.fge.jsonschema.format.common.DateTimeTest" name="formatAttributeIsSupported" time="0"/>
  <testcase classname="com.github.fge.jsonschema.format.draftv3.HostnameTest" name="formatAttributeIsSupported" time="0.001"/>
  <testcase classname="com.github.fge.jsonschema.format.draftv4.HostnameTest" name="formatAttributeIsSupported" time="0"/>
  <testcase classname="com.github.fge.jsonschema.format.extra.SHA1FormatAttributeTest" name="formatAttributeIsSupported" time="0"/>
  <testcase classname="com.github.fge.jsonschema.keyword.validator.common.EnumValidatorTest" name="keywordExists" time="0"/>
  <testcase classname="com.github.fge.jsonschema.keyword.validator.draftv3.DraftV3TypeValidatorTest" name="keywordExists" time="0.001"/>
  <testcase classname="com.github.fge.jsonschema.keyword.validator.draftv4.DraftV4TypeValidatorTest" name="keywordExists" time="0"/>
  <testcase classname="com.github.fge.jsonschema.keyword.validator.callback.draftv3.DisallowValidatorTest" name="keywordExists" time="0"/>
  <testcase classname="com.github.fge.jsonschema.keyword.validator.callback.draftv3.DraftV3TypeValidatorTest" name="keywordExists" time="0"/>
  <testcase classname="com.github.fge.jsonschema.keyword.validator.callback.draftv4.OneOfValidatorTest" name="keywordExists" time="0"/>
  <testcase classname="com.github.fge.jsonschema.validation.SelfValidationTest" name="v3ValidatesItself" time="0.261"/>
  <testcase classname="com.github.fge.jsonschema.validation.SelfValidationTest" name="v3ValidatesItself" time="0.094"/>
  <testcase classname="com.github.fge.jsonschema.validation.SelfValidationTest" name="v3ValidatesItself" time="0"/>
  <testcase classname="com.github.fge.jsonschema.validation.SelfValidationTest" name="v3ValidatesItself" time="0.001"/>
  <testcase classname="com.github.fge.jsonschema.validation.SelfValidationTest" name="v3ValidatesItself" time="0.011"/>
  <testcase classname="com.github.fge.jsonschema.validation.SelfValidationTest" name="v3ValidatesItself" time="0"/>
  <testcase classname="com.github.fge.jsonschema.validation.SelfValidationTest" name="v3ValidatesItself" time="0.001"/>
  <testcase classname="com.github.fge.jsonschema.validation.SelfValidationTest" name="v3ValidatesItself" time="0.002"/>
  <testcase classname="com.github.fge.jsonschema.validation.SelfValidationTest" name="v3ValidatesItself" time="0.005"/>
  <testcase classname="com.github.fge.jsonschema.validation.SelfValidationTest" name="v3ValidatesItself" time="0.048"/>
  <testcase classname="com.github.fge.jsonschema.validation.SelfValidationTest" name="v4ValidatesItselfButNotV3" time="0.148"/>
  <testcase classname="com.github.fge.jsonschema.validation.SelfValidationTest" name="v4ValidatesItselfButNotV3" time="0.026"/>
  <testcase classname="com.github.fge.jsonschema.validation.SelfValidationTest" name="v4ValidatesItselfButNotV3" time="0.004"/>
  <testcase classname="com.github.fge.jsonschema.validation.SelfValidationTest" name="v4ValidatesItselfButNotV3" time="0.024"/>
  <testcase classname="com.github.fge.jsonschema.validation.SelfValidationTest" name="v4ValidatesItselfButNotV3" time="0.025"/>
  <testcase classname="com.github.fge.jsonschema.validation.SelfValidationTest" name="v4ValidatesItselfButNotV3" time="0.03"/>
  <testcase classname="com.github.fge.jsonschema.validation.SelfValidationTest" name="v4ValidatesItselfButNotV3" time="0.032"/>
  <testcase classname="com.github.fge.jsonschema.validation.SelfValidationTest" name="v4ValidatesItselfButNotV3" time="0.049"/>
  <testcase classname="com.github.fge.jsonschema.validation.SelfValidationTest" name="v4ValidatesItselfButNotV3" time="0.065"/>
  <testcase classname="com.github.fge.jsonschema.validation.SelfValidationTest" name="v4ValidatesItselfButNotV3" time="0.08"/>
  <testcase classname="com.github.fge.jsonschema.processors.build.ValidatorBuilderTest" name="allRelevantValidatorsAreBuilt" time="0"/>
  <testcase classname="com.github.fge.jsonschema.processors.build.ValidatorBuilderTest" name="challengedConstructorRaisesAnException" time="0"/>
  <testcase classname="com.github.fge.jsonschema.processors.build.ValidatorBuilderTest" name="onlyRelevantValidatorsAreBuilt" time="0"/>
  <testcase classname="com.github.fge.jsonschema.cfg.ValidationConfigurationTest" name="cannotOverrideExistingLibrary" time="0.005"/>
  <testcase classname="com.github.fge.jsonschema.cfg.ValidationConfigurationTest" name="cannotPutInvalidCacheSize" time="0"/>
  <testcase classname="com.github.fge.jsonschema.cfg.ValidationConfigurationTest" name="cannotPutNullLibrary" time="0"/>
  <testcase classname="com.github.fge.jsonschema.cfg.ValidationConfigurationTest" name="cannotPutNullSyntaxMessageBundle" time="0.001"/>
  <testcase classname="com.github.fge.jsonschema.cfg.ValidationConfigurationTest" name="cannotPutNullValidationMessageBundle" time="0"/>
  <testcase classname="com.github.fge.jsonschema.cfg.ValidationConfigurationTest" name="defaultLibraryIsAccountedFor" time="0.001"/>
  <testcase classname="com.github.fge.jsonschema.cfg.ValidationConfigurationTest" name="defaultLibraryIsDraftV4" time="0.001"/>
  <testcase classname="com.github.fge.jsonschema.cfg.ValidationConfigurationTest" name="defaultVersionCannotBeNull" time="0"/>
  <testcase classname="com.github.fge.jsonschema.keyword.digest.common.AdditionalItemsDigesterTest" name="digestsAreCorrectlyComputed" time="0"/>
  <testcase classname="com.github.fge.jsonschema.keyword.digest.common.AdditionalItemsDigesterTest" name="digestsAreCorrectlyComputed" time="0.001"/>
  <testcase classname="com.github.fge.jsonschema.keyword.digest.common.AdditionalItemsDigesterTest" name="digestsAreCorrectlyComputed" time="0"/>
  <testcase classname="com.github.fge.jsonschema.keyword.digest.common.AdditionalItemsDigesterTest" name="digestsAreCorrectlyComputed" time="0.001"/>
  <testcase classname="com.github.fge.jsonschema.keyword.digest.common.AdditionalItemsDigesterTest" name="digestsAreCorrectlyComputed" time="0"/>
  <testcase classname="com.github.fge.jsonschema.keyword.digest.common.AdditionalItemsDigesterTest" name="digestsAreCorrectlyComputed" time="0"/>
  <testcase classname="com.github.fge.jsonschema.keyword.digest.common.AdditionalItemsDigesterTest" name="digestsAreCorrectlyComputed" time="0.001"/>
  <testcase classname="com.github.fge.jsonschema.keyword.digest.common.AdditionalItemsDigesterTest" name="digestsAreCorrectlyComputed" time="0"/>
  <testcase classname="com.github.fge.jsonschema.keyword.digest.common.AdditionalItemsDigesterTest" name="digestsAreCorrectlyComputed" time="0.001"/>
  <testcase classname="com.github.fge.jsonschema.keyword.digest.common.AdditionalItemsDigesterTest" name="digestsAreCorrectlyComputed" time="0"/>
  <testcase classname="com.github.fge.jsonschema.keyword.digest.common.AdditionalItemsDigesterTest" name="digestsAreCorrectlyComputed" time="0.001"/>
  <testcase classname="com.github.fge.jsonschema.keyword.digest.common.EnumDigesterTest" name="digestsAreCorrectlyComputed" time="0"/>
  <testcase classname="com.github.fge.jsonschema.keyword.digest.common.EnumDigesterTest" name="digestsAreCorrectlyComputed" time="0"/>
  <testcase classname="com.github.fge.jsonschema.keyword.digest.common.EnumDigesterTest" name="digestsAreCorrectlyComputed" time="0.001"/>
  <testcase classname="com.github.fge.jsonschema.keyword.digest.draftv3.DraftV3PropertiesDigesterTest" name="digestsAreCorrectlyComputed" time="0"/>
  <testcase classname="com.github.fge.jsonschema.keyword.digest.draftv3.DraftV3PropertiesDigesterTest" name="digestsAreCorrectlyComputed" time="0.001"/>
  <testcase classname="com.github.fge.jsonschema.keyword.digest.draftv3.DraftV3PropertiesDigesterTest" name="digestsAreCorrectlyComputed" time="0"/>
  <testcase classname="com.github.fge.jsonschema.keyword.digest.draftv3.DraftV3PropertiesDigesterTest" name="digestsAreCorrectlyComputed" time="0.003"/>
  <testcase classname="com.github.fge.jsonschema.keyword.digest.draftv3.DraftV3PropertiesDigesterTest" name="digestsAreCorrectlyComputed" time="0.001"/>
  <testcase classname="com.github.fge.jsonschema.keyword.digest.draftv3.DraftV3PropertiesDigesterTest" name="digestsAreCorrectlyComputed" time="0"/>
  <testcase classname="com.github.fge.jsonschema.keyword.digest.draftv4.DraftV4TypeDigesterTest" name="digestsAreCorrectlyComputed" time="0"/>
  <testcase classname="com.github.fge.jsonschema.keyword.digest.draftv4.DraftV4TypeDigesterTest" name="digestsAreCorrectlyComputed" time="0"/>
  <testcase classname="com.github.fge.jsonschema.keyword.digest.draftv4.DraftV4TypeDigesterTest" name="digestsAreCorrectlyComputed" time="0"/>
  <testcase classname="com.github.fge.jsonschema.keyword.digest.draftv4.DraftV4TypeDigesterTest" name="digestsAreCorrectlyComputed" time="0"/>
  <testcase classname="com.github.fge.jsonschema.keyword.digest.draftv4.DraftV4TypeDigesterTest" name="digestsAreCorrectlyComputed" time="0"/>
  <testcase classname="com.github.fge.jsonschema.keyword.digest.draftv4.DraftV4TypeDigesterTest" name="digestsAreCorrectlyComputed" time="0"/>
  <testcase classname="com.github.fge.jsonschema.keyword.digest.draftv4.DraftV4TypeDigesterTest" name="digestsAreCorrectlyComputed" time="0"/>
  <testcase classname="com.github.fge.jsonschema.keyword.digest.draftv4.DraftV4TypeDigesterTest" name="digestsAreCorrectlyComputed" time="0.004"/>
  <testcase classname="com.github.fge.jsonschema.keyword.digest.draftv4.DraftV4TypeDigesterTest" name="digestsAreCorrectlyComputed" time="0"/>
  <testcase classname="com.github.fge.jsonschema.keyword.digest.draftv4.DraftV4TypeDigesterTest" name="digestsAreCorrectlyComputed" time="0"/>
  <testcase classname="com.github.fge.jsonschema.keyword.digest.draftv4.DraftV4TypeDigesterTest" name="digestsAreCorrectlyComputed" time="0"/>
  <testcase classname="com.github.fge.jsonschema.keyword.digest.draftv4.DraftV4TypeDigesterTest" name="digestsAreCorrectlyComputed" time="0"/>
  <testcase classname="com.github.fge.jsonschema.keyword.digest.draftv4.DraftV4TypeDigesterTest" name="digestsAreCorrectlyComputed" time="0"/>
  <testcase classname="com.github.fge.jsonschema.keyword.digest.draftv4.DraftV4TypeDigesterTest" name="digestsAreCorrectlyComputed" time="0"/>
  <testcase classname="com.github.fge.jsonschema.format.common.DateTimeTest" name="instanceIsCorrectlyAnalyzed" time="0.074"/>
  <testcase classname="com.github.fge.jsonschema.format.common.DateTimeTest" name="instanceIsCorrectlyAnalyzed" time="0"/>
  <testcase classname="com.github.fge.jsonschema.format.common.DateTimeTest" name="instanceIsCorrectlyAnalyzed" time="0.001"/>
  <testcase classname="com.github.fge.jsonschema.format.common.DateTimeTest" name="instanceIsCorrectlyAnalyzed" time="0.001"/>
  <testcase classname="com.github.fge.jsonschema.format.common.DateTimeTest" name="instanceIsCorrectlyAnalyzed" time="0"/>
  <testcase classname="com.github.fge.jsonschema.format.common.DateTimeTest" name="instanceIsCorrectlyAnalyzed" time="0.001"/>
  <testcase classname="com.github.fge.jsonschema.format.common.DateTimeTest" name="instanceIsCorrectlyAnalyzed" time="0.001"/>
  <testcase classname="com.github.fge.jsonschema.format.common.DateTimeTest" name="instanceIsCorrectlyAnalyzed" time="0.019"/>
  <testcase classname="com.github.fge.jsonschema.format.common.DateTimeTest" name="instanceIsCorrectlyAnalyzed" time="0.002"/>
  <testcase classname="com.github.fge.jsonschema.format.common.DateTimeTest" name="instanceIsCorrectlyAnalyzed" time="0.001"/>
  <testcase classname="com.github.fge.jsonschema.format.common.DateTimeTest" name="instanceIsCorrectlyAnalyzed" time="0.001"/>
  <testcase classname="com.github.fge.jsonschema.format.common.DateTimeTest" name="instanceIsCorrectlyAnalyzed" time="0.001"/>
  <testcase classname="com.github.fge.jsonschema.format.common.DateTimeTest" name="instanceIsCorrectlyAnalyzed" time="0.001"/>
  <testcase classname="com.github.fge.jsonschema.format.common.DateTimeTest" name="instanceIsCorrectlyAnalyzed" time="0"/>
  <testcase classname="com.github.fge.jsonschema.format.common.DateTimeTest" name="instanceIsCorrectlyAnalyzed" time="0.001"/>
  <testcase classname="com.github.fge.jsonschema.format.common.DateTimeTest" name="instanceIsCorrectlyAnalyzed" time="0.001"/>
  <testcase classname="com.github.fge.jsonschema.format.common.DateTimeTest" name="instanceIsCorrectlyAnalyzed" time="0.001"/>
  <testcase classname="com.github.fge.jsonschema.format.common.DateTimeTest" name="instanceIsCorrectlyAnalyzed" time="0"/>
  <testcase classname="com.github.fge.jsonschema.format.common.DateTimeTest" name="instanceIsCorrectlyAnalyzed" time="0.002"/>
  <testcase classname="com.github.fge.jsonschema.format.common.DateTimeTest" name="instanceIsCorrectlyAnalyzed" time="0.001"/>
  <testcase classname="com.github.fge.jsonschema.format.common.DateTimeTest" name="instanceIsCorrectlyAnalyzed" time="0.001"/>
  <testcase classname="com.github.fge.jsonschema.format.common.DateTimeTest" name="instanceIsCorrectlyAnalyzed" time="0.001"/>
  <testcase classname="com.github.fge.jsonschema.format.common.DateTimeTest" name="instanceIsCorrectlyAnalyzed" time="0"/>
  <testcase classname="com.github.fge.jsonschema.format.common.DateTimeTest" name="instanceIsCorrectlyAnalyzed" time="0"/>
  <testcase classname="com.github.fge.jsonschema.format.common.DateTimeTest" name="instanceIsCorrectlyAnalyzed" time="0"/>
  <testcase classname="com.github.fge.jsonschema.format.common.DateTimeTest" name="instanceIsCorrectlyAnalyzed" time="0.017"/>
  <testcase classname="com.github.fge.jsonschema.format.draftv3.HostnameTest" name="instanceIsCorrectlyAnalyzed" time="0.179"/>
  <testcase classname="com.github.fge.jsonschema.format.draftv3.HostnameTest" name="instanceIsCorrectlyAnalyzed" time="0.001"/>
  <testcase classname="com.github.fge.jsonschema.format.draftv3.HostnameTest" name="instanceIsCorrectlyAnalyzed" time="0.003"/>
  <testcase classname="com.github.fge.jsonschema.format.draftv4.HostnameTest" name="instanceIsCorrectlyAnalyzed" time="0"/>
  <testcase classname="com.github.fge.jsonschema.format.draftv4.HostnameTest" name="instanceIsCorrectlyAnalyzed" time="0"/>
  <testcase classname="com.github.fge.jsonschema.format.draftv4.HostnameTest" name="instanceIsCorrectlyAnalyzed" time="0.001"/>
  <testcase classname="com.github.fge.jsonschema.format.draftv4.HostnameTest" name="instanceIsCorrectlyAnalyzed" time="0.001"/>
  <testcase classname="com.github.fge.jsonschema.format.extra.SHA1FormatAttributeTest" name="instanceIsCorrectlyAnalyzed" time="0.001"/>
  <testcase classname="com.github.fge.jsonschema.format.extra.SHA1FormatAttributeTest" name="instanceIsCorrectlyAnalyzed" time="0.001"/>
  <testcase classname="com.github.fge.jsonschema.format.extra.SHA1FormatAttributeTest" name="instanceIsCorrectlyAnalyzed" time="0.001"/>
  <testcase classname="com.github.fge.jsonschema.format.extra.SHA1FormatAttributeTest" name="instanceIsCorrectlyAnalyzed" time="0.012"/>
  <testcase classname="com.github.fge.jsonschema.format.extra.SHA1FormatAttributeTest" name="instanceIsCorrectlyAnalyzed" time="0.012"/>
  <testcase classname="com.github.fge.jsonschema.format.extra.SHA1FormatAttributeTest" name="instanceIsCorrectlyAnalyzed" time="0.001"/>
  <testcase classname="com.github.fge.jsonschema.keyword.validator.common.EnumValidatorTest" name="instancesAreValidatedCorrectly" time="0.04"/>
  <testcase classname="com.github.fge.jsonschema.keyword.validator.common.EnumValidatorTest" name="instancesAreValidatedCorrectly" time="0"/>
  <testcase classname="com.github.fge.jsonschema.keyword.validator.common.EnumValidatorTest" name="instancesAreValidatedCorrectly" time="0"/>
  <testcase classname="com.github.fge.jsonschema.keyword.validator.common.EnumValidatorTest" name="instancesAreValidatedCorrectly" time="0"/>
  <testcase classname="com.github.fge.jsonschema.keyword.validator.draftv3.DraftV3TypeValidatorTest" name="instancesAreValidatedCorrectly" time="0"/>
  <testcase classname="com.github.fge.jsonschema.keyword.validator.draftv3.DraftV3TypeValidatorTest" name="instancesAreValidatedCorrectly" time="0"/>
  <testcase classname="com.github.fge.jsonschema.keyword.validator.draftv3.DraftV3TypeValidatorTest" name="instancesAreValidatedCorrectly" time="0"/>
  <testcase classname="com.github.fge.jsonschema.keyword.validator.draftv3.DraftV3TypeValidatorTest" name="instancesAreValidatedCorrectly" time="0"/>
  <testcase classname="com.github.fge.jsonschema.keyword.validator.draftv3.DraftV3TypeValidatorTest" name="instancesAreValidatedCorrectly" time="0"/>
  <testcase classname="com.github.fge.jsonschema.keyword.validator.draftv3.DraftV3TypeValidatorTest" name="instancesAreValidatedCorrectly" time="0"/>
  <testcase classname="com.github.fge.jsonschema.keyword.validator.draftv3.DraftV3TypeValidatorTest" name="instancesAreValidatedCorrectly" time="0"/>
  <testcase classname="com.github.fge.jsonschema.keyword.validator.draftv3.DraftV3TypeValidatorTest" name="instancesAreValidatedCorrectly" time="0"/>
  <testcase classname="com.github.fge.jsonschema.keyword.validator.draftv3.DraftV3TypeValidatorTest" name="instancesAreValidatedCorrectly" time="0.002"/>
  <testcase classname="com.github.fge.jsonschema.keyword.validator.draftv3.DraftV3TypeValidatorTest" name="instancesAreValidatedCorrectly" time="0"/>
  <testcase classname="com.github.fge.jsonschema.keyword.validator.draftv3.DraftV3TypeValidatorTest" name="instancesAreValidatedCorrectly" time="0.009"/>
  <testcase classname="com.github.fge.jsonschema.keyword.validator.draftv3.DraftV3TypeValidatorTest" name="instancesAreValidatedCorrectly" time="0.002"/>
  <testcase classname="com.github.fge.jsonschema.keyword.validator.draftv3.DraftV3TypeValidatorTest" name="instancesAreValidatedCorrectly" time="0.001"/>
  <testcase classname="com.github.fge.jsonschema.keyword.validator.draftv4.DraftV4TypeValidatorTest" name="instancesAreValidatedCorrectly" time="0.001"/>
  <testcase classname="com.github.fge.jsonschema.keyword.validator.draftv4.DraftV4TypeValidatorTest" name="instancesAreValidatedCorrectly" time="0.005"/>
  <testcase classname="com.github.fge.jsonschema.keyword.validator.draftv4.DraftV4TypeValidatorTest" name="instancesAreValidatedCorrectly" time="0.002"/>
  <testcase classname="com.github.fge.jsonschema.keyword.validator.draftv4.DraftV4TypeValidatorTest" name="instancesAreValidatedCorrectly" time="0.001"/>
  <testcase classname="com.github.fge.jsonschema.keyword.validator.draftv4.DraftV4TypeValidatorTest" name="instancesAreValidatedCorrectly" time="0.001"/>
  <testcase classname="com.github.fge.jsonschema.keyword.validator.draftv4.DraftV4TypeValidatorTest" name="instancesAreValidatedCorrectly" time="0.002"/>
  <testcase classname="com.github.fge.jsonschema.keyword.validator.draftv4.DraftV4TypeValidatorTest" name="instancesAreValidatedCorrectly" time="0.001"/>
  <testcase classname="com.github.fge.jsonschema.keyword.validator.draftv4.DraftV4TypeValidatorTest" name="instancesAreValidatedCorrectly" time="0"/>
  <testcase classname="com.github.fge.jsonschema.keyword.validator.draftv4.DraftV4TypeValidatorTest" name="instancesAreValidatedCorrectly" time="0.001"/>
  <testcase classname="com.github.fge.jsonschema.keyword.validator.draftv4.DraftV4TypeValidatorTest" name="instancesAreValidatedCorrectly" time="0.001"/>
  <testcase classname="com.github.fge.jsonschema.keyword.validator.draftv4.DraftV4TypeValidatorTest" name="instancesAreValidatedCorrectly" time="0"/>
  <testcase classname="com.github.fge.jsonschema.keyword.validator.draftv4.DraftV4TypeValidatorTest" name="instancesAreValidatedCorrectly" time="0.001"/>
  <testcase classname="com.github.fge.jsonschema.keyword.validator.draftv4.DraftV4TypeValidatorTest" name="instancesAreValidatedCorrectly" time="0.004"/>
  <testcase classname="com.github.fge.jsonschema.keyword.validator.callback.draftv3.DisallowValidatorTest" name="KoThenKoWorks" time="0.059"/>
  <testcase classname="com.github.fge.jsonschema.keyword.validator.callback.draftv3.DraftV3TypeValidatorTest" name="KoThenKoWorks" time="0.001"/>
  <testcase classname="com.github.fge.jsonschema.keyword.validator.callback.draftv4.OneOfValidatorTest" name="KoThenKoWorks" time="0.002"/>
  <testcase classname="com.github.fge.jsonschema.keyword.validator.callback.draftv3.DisallowValidatorTest" name="OkThenKoWorks" time="0.009"/>
  <testcase classname="com.github.fge.jsonschema.keyword.validator.callback.draftv3.DraftV3TypeValidatorTest" name="OkThenKoWorks" time="0.002"/>
  <testcase classname="com.github.fge.jsonschema.keyword.validator.callback.draftv4.OneOfValidatorTest" name="OkThenKoWorks" time="0"/>
  <testcase classname="com.github.fge.jsonschema.keyword.validator.callback.draftv3.DisallowValidatorTest" name="OkThenOkWorks" time="0.002"/>
  <testcase classname="com.github.fge.jsonschema.keyword.validator.callback.draftv3.DraftV3TypeValidatorTest" name="OkThenOkWorks" time="0"/>
  <testcase classname="com.github.fge.jsonschema.keyword.validator.callback.draftv4.OneOfValidatorTest" name="OkThenOkWorks" time="0.002"/>
  <testcase classname="com.github.fge.jsonschema.keyword.validator.callback.draftv3.DisallowValidatorTest" name="exceptionOnFirstProcessingWorks" time="0.001"/>
  <testcase classname="com.github.fge.jsonschema.keyword.validator.callback.draftv3.DraftV3TypeValidatorTest" name="exceptionOnFirstProcessingWorks" time="0"/>
  <testcase classname="com.github.fge.jsonschema.keyword.validator.callback.draftv4.OneOfValidatorTest" name="exceptionOnFirstProcessingWorks" time="0.002"/>
  <testcase classname="com.github.fge.jsonschema.keyword.validator.callback.draftv3.DisallowValidatorTest" name="exceptionOnSecondProcessingWorks" time="0.002"/>
  <testcase classname="com.github.fge.jsonschema.keyword.validator.callback.draftv3.DraftV3TypeValidatorTest" name="exceptionOnSecondProcessingWorks" time="0.006"/>
  <testcase classname="com.github.fge.jsonschema.keyword.validator.callback.draftv4.OneOfValidatorTest" name="exceptionOnSecondProcessingWorks" time="0.014"/>
  <testcase classname="com.github.fge.jsonschema.processors.digest.SchemaDigesterTest" name="nonPresentKeywordDoesNotTriggerBuild" time="0"/>
  <testcase classname="com.github.fge.jsonschema.processors.digest.SchemaDigesterTest" name="onlyRelevantDigestsAreBuilt" time="0"/>
  <testcase classname="com.github.fge.jsonschema.processors.digest.SchemaDigesterTest" name="onlyRelevantDigestsAreBuilt" time="0.001"/>
  <testcase classname="com.github.fge.jsonschema.processors.digest.SchemaDigesterTest" name="onlyRelevantDigestsAreBuilt" time="0.001"/>
  <testcase classname="com.github.fge.jsonschema.processors.digest.SchemaDigesterTest" name="onlyRelevantDigestsAreBuilt" time="0.001"/>
  <testcase classname="com.github.fge.jsonschema.processors.digest.SchemaDigesterTest" name="onlyRelevantDigestsAreBuilt" time="0.001"/>
  <testcase classname="com.github.fge.jsonschema.processors.digest.SchemaDigesterTest" name="onlyRelevantDigestsAreBuilt" time="0.001"/>
  <testcase classname="com.github.fge.jsonschema.processors.digest.SchemaDigesterTest" name="onlyRelevantDigestsAreBuilt" time="0.001"/>
  <testcase classname="com.github.fge.jsonschema.keyword.digest.common.AdditionalPropertiesDigesterTest" name="keywordExists" time="0"/>
  <testcase classname="com.github.fge.jsonschema.keyword.digest.common.MaximumDigesterTest" name="keywordExists" time="0"/>
  <testcase classname="com.github.fge.jsonschema.keyword.digest.draftv3.DraftV3TypeDigesterTest" name="keywordExists" time="0"/>
  <testcase classname="com.github.fge.jsonschema.keyword.digest.draftv4.MaxPropertiesDigesterTest" name="keywordExists" time="0"/>
  <testcase classname="com.github.fge.jsonschema.format.common.EmailTest" name="formatAttributeIsSupported" time="0"/>
  <testcase classname="com.github.fge.jsonschema.format.draftv3.IpAddressTest" name="formatAttributeIsSupported" time="0"/>
  <testcase classname="com.github.fge.jsonschema.format.draftv4.IPv4Test" name="formatAttributeIsSupported" time="0"/>
  <testcase classname="com.github.fge.jsonschema.keyword.validator.common.AdditionalItemsValidatorTest" name="keywordExists" time="0"/>
  <testcase classname="com.github.fge.jsonschema.keyword.validator.common.MaximumValidatorTest" name="keywordExists" time="0"/>
  <testcase classname="com.github.fge.jsonschema.keyword.validator.draftv3.PropertiesValidatorTest" name="keywordExists" time="0"/>
  <testcase classname="com.github.fge.jsonschema.keyword.validator.draftv4.MaxPropertiesValidatorTest" name="keywordExists" time="0"/>
  <testcase classname="com.github.fge.jsonschema.keyword.validator.callback.draftv3.ExtendsValidatorTest" name="keywordExists" time="0.001"/>
  <testcase classname="com.github.fge.jsonschema.processors.format.FormatProcessorTest" name="attributeIsBeingAskedWhatIsSupports" time="0"/>
  <testcase classname="com.github.fge.jsonschema.processors.format.FormatProcessorTest" name="noFormatInSchemaIsANoOp" time="0"/>
  <testcase classname="com.github.fge.jsonschema.processors.format.FormatProcessorTest" name="unknownFormatAttributesAreReportedAsWarnings" time="0.001"/>
  <testcase classname="com.github.fge.jsonschema.keyword.digest.common.AdditionalPropertiesDigesterTest" name="digestsAreCorrectlyComputed" time="0"/>
  <testcase classname="com.github.fge.jsonschema.keyword.digest.common.AdditionalPropertiesDigesterTest" name="digestsAreCorrectlyComputed" time="0"/>
  <testcase classname="com.github.fge.jsonschema.keyword.digest.common.AdditionalPropertiesDigesterTest" name="digestsAreCorrectlyComputed" time="0"/>
  <testcase classname="com.github.fge.jsonschema.keyword.digest.common.AdditionalPropertiesDigesterTest" name="digestsAreCorrectlyComputed" time="0"/>
  <testcase classname="com.github.fge.jsonschema.keyword.digest.common.AdditionalPropertiesDigesterTest" name="digestsAreCorrectlyComputed" time="0.003"/>
  <testcase classname="com.github.fge.jsonschema.keyword.digest.common.AdditionalPropertiesDigesterTest" name="digestsAreCorrectlyComputed" time="0"/>
  <testcase classname="com.github.fge.jsonschema.keyword.digest.common.AdditionalPropertiesDigesterTest" name="digestsAreCorrectlyComputed" time="0"/>
  <testcase classname="com.github.fge.jsonschema.keyword.digest.common.AdditionalPropertiesDigesterTest" name="digestsAreCorrectlyComputed" time="0"/>
  <testcase classname="com.github.fge.jsonschema.keyword.digest.common.AdditionalPropertiesDigesterTest" name="digestsAreCorrectlyComputed" time="0"/>
  <testcase classname="com.github.fge.jsonschema.keyword.digest.common.AdditionalPropertiesDigesterTest" name="digestsAreCorrectlyComputed" time="0"/>
  <testcase classname="com.github.fge.jsonschema.keyword.digest.common.AdditionalPropertiesDigesterTest" name="digestsAreCorrectlyComputed" time="0"/>
  <testcase classname="com.github.fge.jsonschema.keyword.digest.common.AdditionalPropertiesDigesterTest" name="digestsAreCorrectlyComputed" time="0"/>
  <testcase classname="com.github.fge.jsonschema.keyword.digest.common.AdditionalPropertiesDigesterTest" name="digestsAreCorrectlyComputed" time="0"/>
  <testcase classname="com.github.fge.jsonschema.keyword.digest.common.AdditionalPropertiesDigesterTest" name="digestsAreCorrectlyComputed" time="0"/>
  <testcase classname="com.github.fge.jsonschema.keyword.digest.common.MaximumDigesterTest" name="digestsAreCorrectlyComputed" time="0"/>
  <testcase classname="com.github.fge.jsonschema.keyword.digest.common.MaximumDigesterTest" name="digestsAreCorrectlyComputed" time="0"/>
  <testcase classname="com.github.fge.jsonschema.keyword.digest.common.MaximumDigesterTest" name="digestsAreCorrectlyComputed" time="0"/>
  <testcase classname="com.github.fge.jsonschema.keyword.digest.common.MaximumDigesterTest" name="digestsAreCorrectlyComputed" time="0"/>
  <testcase classname="com.github.fge.jsonschema.keyword.digest.common.MaximumDigesterTest" name="digestsAreCorrectlyComputed" time="0"/>
  <testcase classname="com.github.fge.jsonschema.keyword.digest.common.MaximumDigesterTest" name="digestsAreCorrectlyComputed" time="0"/>
  <testcase classname="com.github.fge.jsonschema.keyword.digest.common.MaximumDigesterTest" name="digestsAreCorrectlyComputed" time="0"/>
  <testcase classname="com.github.fge.jsonschema.keyword.digest.common.MaximumDigesterTest" name="digestsAreCorrectlyComputed" time="0"/>
  <testcase classname="com.github.fge.jsonschema.keyword.digest.common.MaximumDigesterTest" name="digestsAreCorrectlyComputed" time="0"/>
  <testcase classname="com.github.fge.jsonschema.keyword.digest.common.MaximumDigesterTest" name="digestsAreCorrectlyComputed" time="0"/>
  <testcase classname="com.github.fge.jsonschema.keyword.digest.common.MaximumDigesterTest" name="digestsAreCorrectlyComputed" time="0"/>
  <testcase classname="com.github.fge.jsonschema.keyword.digest.common.MaximumDigesterTest" name="digestsAreCorrectlyComputed" time="0.016"/>
  <testcase classname="com.github.fge.jsonschema.keyword.digest.common.MaximumDigesterTest" name="digestsAreCorrectlyComputed" time="0"/>
  <testcase classname="com.github.fge.jsonschema.keyword.digest.common.MaximumDigesterTest" name="digestsAreCorrectlyComputed" time="0"/>
  <testcase classname="com.github.fge.jsonschema.keyword.digest.common.MaximumDigesterTest" name="digestsAreCorrectlyComputed" time="0"/>
  <testcase classname="com.github.fge.jsonschema.keyword.digest.common.MaximumDigesterTest" name="digestsAreCorrectlyComputed" time="0"/>
  <testcase classname="com.github.fge.jsonschema.keyword.digest.common.MaximumDigesterTest" name="digestsAreCorrectlyComputed" time="0"/>
  <testcase classname="com.github.fge.jsonschema.keyword.digest.draftv3.DraftV3TypeDigesterTest" name="digestsAreCorrectlyComputed" time="0"/>
  <testcase classname="com.github.fge.jsonschema.keyword.digest.draftv3.DraftV3TypeDigesterTest" name="digestsAreCorrectlyComputed" time="0.001"/>
  <testcase classname="com.github.fge.jsonschema.keyword.digest.draftv3.DraftV3TypeDigesterTest" name="digestsAreCorrectlyComputed" time="0.001"/>
  <testcase classname="com.github.fge.jsonschema.keyword.digest.draftv3.DraftV3TypeDigesterTest" name="digestsAreCorrectlyComputed" time="0"/>
  <testcase classname="com.github.fge.jsonschema.keyword.digest.draftv3.DraftV3TypeDigesterTest" name="digestsAreCorrectlyComputed" time="0.001"/>
  <testcase classname="com.github.fge.jsonschema.keyword.digest.draftv3.DraftV3TypeDigesterTest" name="digestsAreCorrectlyComputed" time="0"/>
  <testcase classname="com.github.fge.jsonschema.keyword.digest.draftv3.DraftV3TypeDigesterTest" name="digestsAreCorrectlyComputed" time="0"/>
  <testcase classname="com.github.fge.jsonschema.keyword.digest.draftv3.DraftV3TypeDigesterTest" name="digestsAreCorrectlyComputed" time="0.001"/>
  <testcase classname="com.github.fge.jsonschema.keyword.digest.draftv3.DraftV3TypeDigesterTest" name="digestsAreCorrectlyComputed" time="0.001"/>
  <testcase classname="com.github.fge.jsonschema.keyword.digest.draftv3.DraftV3TypeDigesterTest" name="digestsAreCorrectlyComputed" time="0"/>
  <testcase classname="com.github.fge.jsonschema.keyword.digest.draftv3.DraftV3TypeDigesterTest" name="digestsAreCorrectlyComputed" time="0"/>
  <testcase classname="com.github.fge.jsonschema.keyword.digest.draftv3.DraftV3TypeDigesterTest" name="digestsAreCorrectlyComputed" time="0.001"/>
  <testcase classname="com.github.fge.jsonschema.keyword.digest.draftv3.DraftV3TypeDigesterTest" name="digestsAreCorrectlyComputed" time="0.001"/>
  <testcase classname="com.github.fge.jsonschema.keyword.digest.draftv3.DraftV3TypeDigesterTest" name="digestsAreCorrectlyComputed" time="0"/>
  <testcase classname="com.github.fge.jsonschema.keyword.digest.draftv3.DraftV3TypeDigesterTest" name="digestsAreCorrectlyComputed" time="0"/>
  <testcase classname="com.github.fge.jsonschema.keyword.digest.draftv3.DraftV3TypeDigesterTest" name="digestsAreCorrectlyComputed" time="0"/>
  <testcase classname="com.github.fge.jsonschema.keyword.digest.draftv3.DraftV3TypeDigesterTest" name="digestsAreCorrectlyComputed" time="0"/>
  <testcase classname="com.github.fge.jsonschema.keyword.digest.draftv3.DraftV3TypeDigesterTest" name="digestsAreCorrectlyComputed" time="0.001"/>
  <testcase classname="com.github.fge.jsonschema.keyword.digest.draftv3.DraftV3TypeDigesterTest" name="digestsAreCorrectlyComputed" time="0"/>
  <testcase classname="com.github.fge.jsonschema.keyword.digest.draftv3.DraftV3TypeDigesterTest" name="digestsAreCorrectlyComputed" time="0"/>
  <testcase classname="com.github.fge.jsonschema.keyword.digest.draftv3.DraftV3TypeDigesterTest" name="digestsAreCorrectlyComputed" time="0"/>
  <testcase classname="com.github.fge.jsonschema.keyword.digest.draftv3.DraftV3TypeDigesterTest" name="digestsAreCorrectlyComputed" time="0"/>
  <testcase classname="com.github.fge.jsonschema.keyword.digest.draftv3.DraftV3TypeDigesterTest" name="digestsAreCorrectlyComputed" time="0"/>
  <testcase classname="com.github.fge.jsonschema.keyword.digest.draftv4.MaxPropertiesDigesterTest" name="digestsAreCorrectlyComputed" time="0"/>
  <testcase classname="com.github.fge.jsonschema.keyword.digest.draftv4.MaxPropertiesDigesterTest" name="digestsAreCorrectlyComputed" time="0"/>
  <testcase classname="com.github.fge.jsonschema.keyword.digest.draftv4.MaxPropertiesDigesterTest" name="digestsAreCorrectlyComputed" time="0"/>
  <testcase classname="com.github.fge.jsonschema.format.common.EmailTest" name="instanceIsCorrectlyAnalyzed" time="0.003"/>
  <testcase classname="com.github.fge.jsonschema.format.common.EmailTest" name="instanceIsCorrectlyAnalyzed" time="0.002"/>
  <testcase classname="com.github.fge.jsonschema.format.common.EmailTest" name="instanceIsCorrectlyAnalyzed" time="0.001"/>
  <testcase classname="com.github.fge.jsonschema.format.common.EmailTest" name="instanceIsCorrectlyAnalyzed" time="0.001"/>
  <testcase classname="com.github.fge.jsonschema.format.draftv3.IpAddressTest" name="instanceIsCorrectlyAnalyzed" time="0.002"/>
  <testcase classname="com.github.fge.jsonschema.format.draftv3.IpAddressTest" name="instanceIsCorrectlyAnalyzed" time="0.001"/>
  <testcase classname="com.github.fge.jsonschema.format.draftv3.IpAddressTest" name="instanceIsCorrectlyAnalyzed" time="0"/>
  <testcase classname="com.github.fge.jsonschema.format.draftv3.IpAddressTest" name="instanceIsCorrectlyAnalyzed" time="0.001"/>
  <testcase classname="com.github.fge.jsonschema.format.draftv4.IPv4Test" name="instanceIsCorrectlyAnalyzed" time="0"/>
  <testcase classname="com.github.fge.jsonschema.format.draftv4.IPv4Test" name="instanceIsCorrectlyAnalyzed" time="0.001"/>
  <testcase classname="com.github.fge.jsonschema.format.draftv4.IPv4Test" name="instanceIsCorrectlyAnalyzed" time="0.001"/>
  <testcase classname="com.github.fge.jsonschema.format.draftv4.IPv4Test" name="instanceIsCorrectlyAnalyzed" time="0.001"/>
  <testcase classname="com.github.fge.jsonschema.keyword.validator.common.AdditionalItemsValidatorTest" name="instancesAreValidatedCorrectly" time="0.001"/>
  <testcase classname="com.github.fge.jsonschema.keyword.validator.common.AdditionalItemsValidatorTest" name="instancesAreValidatedCorrectly" time="0.003"/>
  <testcase classname="com.github.fge.jsonschema.keyword.validator.common.AdditionalItemsValidatorTest" name="instancesAreValidatedCorrectly" time="0.001"/>
  <testcase classname="com.github.fge.jsonschema.keyword.validator.common.MaximumValidatorTest" name="instancesAreValidatedCorrectly" time="0.001"/>
  <testcase classname="com.github.fge.jsonschema.keyword.validator.common.MaximumValidatorTest" name="instancesAreValidatedCorrectly" time="0"/>
  <testcase classname="com.github.fge.jsonschema.keyword.validator.common.MaximumValidatorTest" name="instancesAreValidatedCorrectly" time="0.001"/>
  <testcase classname="com.github.fge.jsonschema.keyword.validator.common.MaximumValidatorTest" name="instancesAreValidatedCorrectly" time="0"/>
  <testcase classname="com.github.fge.jsonschema.keyword.validator.common.MaximumValidatorTest" name="instancesAreValidatedCorrectly" time="0.001"/>
  <testcase classname="com.github.fge.jsonschema.keyword.validator.common.MaximumValidatorTest" name="instancesAreValidatedCorrectly" time="0"/>
  <testcase classname="com.github.fge.jsonschema.keyword.validator.common.MaximumValidatorTest" name="instancesAreValidatedCorrectly" time="0.001"/>
  <testcase classname="com.github.fge.jsonschema.keyword.validator.common.MaximumValidatorTest" name="instancesAreValidatedCorrectly" time="0"/>
  <testcase classname="com.github.fge.jsonschema.keyword.validator.draftv3.PropertiesValidatorTest" name="instancesAreValidatedCorrectly" time="0.001"/>
  <testcase classname="com.github.fge.jsonschema.keyword.validator.draftv3.PropertiesValidatorTest" name="instancesAreValidatedCorrectly" time="0.002"/>
  <testcase classname="com.github.fge.jsonschema.keyword.validator.draftv4.MaxPropertiesValidatorTest" name="instancesAreValidatedCorrectly" time="0.002"/>
  <testcase classname="com.github.fge.jsonschema.keyword.validator.draftv4.MaxPropertiesValidatorTest" name="instancesAreValidatedCorrectly" time="0.001"/>
  <testcase classname="com.github.fge.jsonschema.keyword.validator.draftv4.MaxPropertiesValidatorTest" name="instancesAreValidatedCorrectly" time="0.001"/>
  <testcase classname="com.github.fge.jsonschema.keyword.validator.callback.draftv3.ExtendsValidatorTest" name="KoThenKoWorks" time="0.002"/>
  <testcase classname="com.github.fge.jsonschema.keyword.validator.callback.draftv3.ExtendsValidatorTest" name="OkThenKoWorks" time="0.001"/>
  <testcase classname="com.github.fge.jsonschema.keyword.validator.callback.draftv3.ExtendsValidatorTest" name="OkThenOkWorks" time="0.001"/>
  <testcase classname="com.github.fge.jsonschema.keyword.validator.callback.draftv3.ExtendsValidatorTest" name="exceptionOnFirstProcessingWorks" time="0.001"/>
  <testcase classname="com.github.fge.jsonschema.keyword.validator.callback.draftv3.ExtendsValidatorTest" name="exceptionOnSecondProcessingWorks" time="0.001"/>
  <testcase classname="com.github.fge.jsonschema.processors.format.FormatProcessorTest" name="supportedNodeTypesTriggerAttributeBuild" time="0.001"/>
  <testcase classname="com.github.fge.jsonschema.processors.format.FormatProcessorTest" name="supportedNodeTypesTriggerAttributeBuild" time="0"/>
  <testcase classname="com.github.fge.jsonschema.processors.format.FormatProcessorTest" name="supportedNodeTypesTriggerAttributeBuild" time="0"/>
  <testcase classname="com.github.fge.jsonschema.processors.format.FormatProcessorTest" name="unsupportedTypeDoesNotTriggerValidatorBuild" time="0"/>
  <testcase classname="com.github.fge.jsonschema.processors.format.FormatProcessorTest" name="unsupportedTypeDoesNotTriggerValidatorBuild" time="0"/>
  <testcase classname="com.github.fge.jsonschema.processors.format.FormatProcessorTest" name="unsupportedTypeDoesNotTriggerValidatorBuild" time="0"/>
  <testcase classname="com.github.fge.jsonschema.processors.format.FormatProcessorTest" name="unsupportedTypeDoesNotTriggerValidatorBuild" time="0"/>
  <testcase classname="com.github.fge.jsonschema.keyword.digest.common.MaxItemsDigesterTest" name="keywordExists" time="0"/>
  <testcase classname="com.github.fge.jsonschema.keyword.digest.draftv3.ExtendsDigesterTest" name="keywordExists" time="0.001"/>
  <testcase classname="com.github.fge.jsonschema.keyword.digest.draftv4.MinPropertiesDigesterTest" name="keywordExists" time="0"/>
  <testcase classname="com.github.fge.jsonschema.format.common.IPv6Test" name="formatAttributeIsSupported" time="0"/>
  <testcase classname="com.github.fge.jsonschema.format.draftv3.PhoneTest" name="formatAttributeIsSupported" time="0"/>
  <testcase classname="com.github.fge.jsonschema.format.extra.Base64FormatAttributeTest" name="formatAttributeIsSupported" time="0"/>
  <testcase classname="com.github.fge.jsonschema.keyword.validator.common.AdditionalPropertiesValidatorTest" name="keywordExists" time="0"/>
  <testcase classname="com.github.fge.jsonschema.keyword.validator.common.MaxItemsValidatorTest" name="keywordExists" time="0"/>
  <testcase classname="com.github.fge.jsonschema.keyword.validator.draftv4.DependenciesValidatorTest" name="keywordExists" time="0"/>
  <testcase classname="com.github.fge.jsonschema.keyword.validator.draftv4.MinPropertiesValidatorTest" name="keywordExists" time="0"/>
  <testcase classname="com.github.fge.jsonschema.processors.validation.ArraySchemaDigesterTest" name="digestsAreCorrectlyComputed" time="0"/>
  <testcase classname="com.github.fge.jsonschema.processors.validation.ArraySchemaDigesterTest" name="digestsAreCorrectlyComputed" time="0"/>
  <testcase classname="com.github.fge.jsonschema.processors.validation.ArraySchemaDigesterTest" name="digestsAreCorrectlyComputed" time="0"/>
  <testcase classname="com.github.fge.jsonschema.processors.validation.ArraySchemaDigesterTest" name="digestsAreCorrectlyComputed" time="0"/>
  <testcase classname="com.github.fge.jsonschema.processors.validation.ArraySchemaDigesterTest" name="digestsAreCorrectlyComputed" time="0"/>
  <testcase classname="com.github.fge.jsonschema.processors.validation.ArraySchemaDigesterTest" name="digestsAreCorrectlyComputed" time="0.001"/>
  <testcase classname="com.github.fge.jsonschema.processors.validation.ArraySchemaDigesterTest" name="digestsAreCorrectlyComputed" time="0"/>
  <testcase classname="com.github.fge.jsonschema.processors.validation.ArraySchemaDigesterTest" name="digestsAreCorrectlyComputed" time="0"/>
  <testcase classname="com.github.fge.jsonschema.processors.validation.ArraySchemaDigesterTest" name="digestsAreCorrectlyComputed" time="0"/>
  <testcase classname="com.github.fge.jsonschema.processors.validation.ArraySchemaDigesterTest" name="digestsAreCorrectlyComputed" time="0"/>
  <testcase classname="com.github.fge.jsonschema.processors.validation.ArraySchemaDigesterTest" name="digestsAreCorrectlyComputed" time="0"/>
  <testcase classname="com.github.fge.jsonschema.processors.validation.ArraySchemaDigesterTest" name="digestsAreCorrectlyComputed" time="0"/>
  <testcase classname="com.github.fge.jsonschema.processors.validation.ArraySchemaDigesterTest" name="digestsAreCorrectlyComputed" time="0"/>
  <testcase classname="com.github.fge.jsonschema.processors.validation.ArraySchemaDigesterTest" name="digestsAreCorrectlyComputed" time="0"/>
  <testcase classname="com.github.fge.jsonschema.processors.validation.ArraySchemaDigesterTest" name="digestsAreCorrectlyComputed" time="0"/>
  <testcase classname="com.github.fge.jsonschema.keyword.validator.callback.draftv4.AllOfValidatorTest" name="keywordExists" time="0"/>
  <testcase classname="com.github.fge.jsonschema.keyword.digest.common.MaxItemsDigesterTest" name="digestsAreCorrectlyComputed" time="0"/>
  <testcase classname="com.github.fge.jsonschema.keyword.digest.common.MaxItemsDigesterTest" name="digestsAreCorrectlyComputed" time="0"/>
  <testcase classname="com.github.fge.jsonschema.keyword.digest.common.MaxItemsDigesterTest" name="digestsAreCorrectlyComputed" time="0"/>
  <testcase classname="com.github.fge.jsonschema.keyword.digest.draftv3.ExtendsDigesterTest" name="digestsAreCorrectlyComputed" time="0.001"/>
  <testcase classname="com.github.fge.jsonschema.keyword.digest.draftv3.ExtendsDigesterTest" name="digestsAreCorrectlyComputed" time="0.001"/>
  <testcase classname="com.github.fge.jsonschema.keyword.digest.draftv3.ExtendsDigesterTest" name="digestsAreCorrectlyComputed" time="0"/>
  <testcase classname="com.github.fge.jsonschema.keyword.digest.draftv3.ExtendsDigesterTest" name="digestsAreCorrectlyComputed" time="0.001"/>
  <testcase classname="com.github.fge.jsonschema.keyword.digest.draftv4.MinPropertiesDigesterTest" name="digestsAreCorrectlyComputed" time="0"/>
  <testcase classname="com.github.fge.jsonschema.keyword.digest.draftv4.MinPropertiesDigesterTest" name="digestsAreCorrectlyComputed" time="0"/>
  <testcase classname="com.github.fge.jsonschema.keyword.digest.draftv4.MinPropertiesDigesterTest" name="digestsAreCorrectlyComputed" time="0.001"/>
  <testcase classname="com.github.fge.jsonschema.format.common.IPv6Test" name="instanceIsCorrectlyAnalyzed" time="0.001"/>
  <testcase classname="com.github.fge.jsonschema.format.common.IPv6Test" name="instanceIsCorrectlyAnalyzed" time="0.001"/>
  <testcase classname="com.github.fge.jsonschema.format.common.IPv6Test" name="instanceIsCorrectlyAnalyzed" time="0"/>
  <testcase classname="com.github.fge.jsonschema.format.common.IPv6Test" name="instanceIsCorrectlyAnalyzed" time="0"/>
  <testcase classname="com.github.fge.jsonschema.format.draftv3.PhoneTest" name="instanceIsCorrectlyAnalyzed" time="0.103"/>
  <testcase classname="com.github.fge.jsonschema.format.draftv3.PhoneTest" name="instanceIsCorrectlyAnalyzed" time="0.002"/>
  <testcase classname="com.github.fge.jsonschema.format.draftv3.PhoneTest" name="instanceIsCorrectlyAnalyzed" time="0"/>
  <testcase classname="com.github.fge.jsonschema.format.draftv3.PhoneTest" name="instanceIsCorrectlyAnalyzed" time="0"/>
  <testcase classname="com.github.fge.jsonschema.format.extra.Base64FormatAttributeTest" name="instanceIsCorrectlyAnalyzed" time="0"/>
  <testcase classname="com.github.fge.jsonschema.format.extra.Base64FormatAttributeTest" name="instanceIsCorrectlyAnalyzed" time="0.001"/>
  <testcase classname="com.github.fge.jsonschema.format.extra.Base64FormatAttributeTest" name="instanceIsCorrectlyAnalyzed" time="0.001"/>
  <testcase classname="com.github.fge.jsonschema.format.extra.Base64FormatAttributeTest" name="instanceIsCorrectlyAnalyzed" time="0.001"/>
  <testcase classname="com.github.fge.jsonschema.format.extra.Base64FormatAttributeTest" name="instanceIsCorrectlyAnalyzed" time="0"/>
  <testcase classname="com.github.fge.jsonschema.format.extra.Base64FormatAttributeTest" name="instanceIsCorrectlyAnalyzed" time="0.001"/>
  <testcase classname="com.github.fge.jsonschema.format.extra.Base64FormatAttributeTest" name="instanceIsCorrectlyAnalyzed" time="0.001"/>
  <testcase classname="com.github.fge.jsonschema.keyword.validator.common.AdditionalPropertiesValidatorTest" name="instancesAreValidatedCorrectly" time="0"/>
  <testcase classname="com.github.fge.jsonschema.keyword.validator.common.AdditionalPropertiesValidatorTest" name="instancesAreValidatedCorrectly" time="0"/>
  <testcase classname="com.github.fge.jsonschema.keyword.validator.common.AdditionalPropertiesValidatorTest" name="instancesAreValidatedCorrectly" time="0.249"/>
  <testcase classname="com.github.fge.jsonschema.keyword.validator.common.AdditionalPropertiesValidatorTest" name="instancesAreValidatedCorrectly" time="0.001"/>
  <testcase classname="com.github.fge.jsonschema.keyword.validator.common.AdditionalPropertiesValidatorTest" name="instancesAreValidatedCorrectly" time="0"/>
  <testcase classname="com.github.fge.jsonschema.keyword.validator.common.AdditionalPropertiesValidatorTest" name="instancesAreValidatedCorrectly" time="0.001"/>
  <testcase classname="com.github.fge.jsonschema.keyword.validator.common.AdditionalPropertiesValidatorTest" name="instancesAreValidatedCorrectly" time="0.001"/>
  <testcase classname="com.github.fge.jsonschema.keyword.validator.common.AdditionalPropertiesValidatorTest" name="instancesAreValidatedCorrectly" time="0"/>
  <testcase classname="com.github.fge.jsonschema.keyword.validator.common.AdditionalPropertiesValidatorTest" name="instancesAreValidatedCorrectly" time="0"/>
  <testcase classname="com.github.fge.jsonschema.keyword.validator.common.MaxItemsValidatorTest" name="instancesAreValidatedCorrectly" time="0"/>
  <testcase classname="com.github.fge.jsonschema.keyword.validator.common.MaxItemsValidatorTest" name="instancesAreValidatedCorrectly" time="0"/>
  <testcase classname="com.github.fge.jsonschema.keyword.validator.common.MaxItemsValidatorTest" name="instancesAreValidatedCorrectly" time="0.001"/>
  <testcase classname="com.github.fge.jsonschema.keyword.validator.draftv4.DependenciesValidatorTest" name="instancesAreValidatedCorrectly" time="0.006"/>
  <testcase classname="com.github.fge.jsonschema.keyword.validator.draftv4.DependenciesValidatorTest" name="instancesAreValidatedCorrectly" time="0"/>
  <testcase classname="com.github.fge.jsonschema.keyword.validator.draftv4.MinPropertiesValidatorTest" name="instancesAreValidatedCorrectly" time="0"/>
  <testcase classname="com.github.fge.jsonschema.keyword.validator.draftv4.MinPropertiesValidatorTest" name="instancesAreValidatedCorrectly" time="0"/>
  <testcase classname="com.github.fge.jsonschema.keyword.validator.draftv4.MinPropertiesValidatorTest" name="instancesAreValidatedCorrectly" time="0.002"/>
  <testcase classname="com.github.fge.jsonschema.processors.validation.ArraySchemaSelectorTest" name="schemaPointersAreCorrectlyComputed" time="0"/>
  <testcase classname="com.github.fge.jsonschema.processors.validation.ArraySchemaSelectorTest" name="schemaPointersAreCorrectlyComputed" time="0.001"/>
  <testcase classname="com.github.fge.jsonschema.processors.validation.ArraySchemaSelectorTest" name="schemaPointersAreCorrectlyComputed" time="0"/>
  <testcase classname="com.github.fge.jsonschema.processors.validation.ArraySchemaSelectorTest" name="schemaPointersAreCorrectlyComputed" time="0"/>
  <testcase classname="com.github.fge.jsonschema.processors.validation.ArraySchemaSelectorTest" name="schemaPointersAreCorrectlyComputed" time="0.002"/>
  <testcase classname="com.github.fge.jsonschema.processors.validation.ArraySchemaSelectorTest" name="schemaPointersAreCorrectlyComputed" time="0.001"/>
  <testcase classname="com.github.fge.jsonschema.processors.validation.ArraySchemaSelectorTest" name="schemaPointersAreCorrectlyComputed" time="0"/>
  <testcase classname="com.github.fge.jsonschema.processors.validation.ArraySchemaSelectorTest" name="schemaPointersAreCorrectlyComputed" time="0"/>
  <testcase classname="com.github.fge.jsonschema.processors.validation.ArraySchemaSelectorTest" name="schemaPointersAreCorrectlyComputed" time="0"/>
  <testcase classname="com.github.fge.jsonschema.keyword.validator.callback.draftv4.AllOfValidatorTest" name="KoThenKoWorks" time="0.003"/>
  <testcase classname="com.github.fge.jsonschema.keyword.validator.callback.draftv4.AllOfValidatorTest" name="OkThenKoWorks" time="0"/>
  <testcase classname="com.github.fge.jsonschema.keyword.validator.callback.draftv4.AllOfValidatorTest" name="OkThenOkWorks" time="0"/>
  <testcase classname="com.github.fge.jsonschema.keyword.validator.callback.draftv4.AllOfValidatorTest" name="exceptionOnFirstProcessingWorks" time="0.001"/>
  <testcase classname="com.github.fge.jsonschema.keyword.validator.callback.draftv4.AllOfValidatorTest" name="exceptionOnSecondProcessingWorks" time="0.001"/>
  <testcase classname="com.github.fge.jsonschema.keyword.digest.common.MaxLengthDigesterTest" name="keywordExists" time="0"/>
  <testcase classname="com.github.fge.jsonschema.keyword.digest.draftv4.AllOfDigesterTest" name="keywordExists" time="0"/>
  <testcase classname="com.github.fge.jsonschema.keyword.digest.draftv4.MultipleOfDigesterTest" name="keywordExists" time="0"/>
  <testcase classname="com.github.fge.jsonschema.format.common.RegexTest" name="formatAttributeIsSupported" time="0"/>
  <testcase classname="com.github.fge.jsonschema.format.draftv3.TimeTest" name="formatAttributeIsSupported" time="0"/>
  <testcase classname="com.github.fge.jsonschema.keyword.validator.common.MaxLengthValidatorTest" name="keywordExists" time="0"/>
  <testcase classname="com.github.fge.jsonschema.keyword.validator.draftv4.MultipleOfValidatorTest" name="keywordExists" time="0"/>
  <testcase classname="com.github.fge.jsonschema.keyword.validator.callback.draftv4.AnyOfValidatorTest" name="keywordExists" time="0"/>
  <testcase classname="com.github.fge.jsonschema.processors.validation.ObjectSchemaDigesterTest" name="digestsAreCorrectlyComputed" time="0.001"/>
  <testcase classname="com.github.fge.jsonschema.processors.validation.ObjectSchemaDigesterTest" name="digestsAreCorrectlyComputed" time="0"/>
  <testcase classname="com.github.fge.jsonschema.processors.validation.ObjectSchemaDigesterTest" name="digestsAreCorrectlyComputed" time="0"/>
  <testcase classname="com.github.fge.jsonschema.processors.validation.ObjectSchemaDigesterTest" name="digestsAreCorrectlyComputed" time="0"/>
  <testcase classname="com.github.fge.jsonschema.processors.validation.ObjectSchemaDigesterTest" name="digestsAreCorrectlyComputed" time="0"/>
  <testcase classname="com.github.fge.jsonschema.processors.validation.ObjectSchemaDigesterTest" name="digestsAreCorrectlyComputed" time="0"/>
  <testcase classname="com.github.fge.jsonschema.processors.validation.ObjectSchemaDigesterTest" name="digestsAreCorrectlyComputed" time="0.001"/>
  <testcase classname="com.github.fge.jsonschema.processors.validation.ObjectSchemaDigesterTest" name="digestsAreCorrectlyComputed" time="0"/>
  <testcase classname="com.github.fge.jsonschema.processors.validation.ObjectSchemaDigesterTest" name="digestsAreCorrectlyComputed" time="0.001"/>
  <testcase classname="com.github.fge.jsonschema.processors.validation.ObjectSchemaDigesterTest" name="digestsAreCorrectlyComputed" time="0"/>
  <testcase classname="com.github.fge.jsonschema.processors.validation.ObjectSchemaDigesterTest" name="digestsAreCorrectlyComputed" time="0"/>
  <testcase classname="com.github.fge.jsonschema.processors.validation.ObjectSchemaDigesterTest" name="digestsAreCorrectlyComputed" time="0"/>
  <testcase classname="com.github.fge.jsonschema.processors.validation.ObjectSchemaDigesterTest" name="digestsAreCorrectlyComputed" time="0"/>
  <testcase classname="com.github.fge.jsonschema.processors.validation.ObjectSchemaDigesterTest" name="digestsAreCorrectlyComputed" time="0"/>
  <testcase classname="com.github.fge.jsonschema.processors.validation.ObjectSchemaDigesterTest" name="digestsAreCorrectlyComputed" time="0"/>
  <testcase classname="com.github.fge.jsonschema.processors.validation.ObjectSchemaDigesterTest" name="digestsAreCorrectlyComputed" time="0"/>
  <testcase classname="com.github.fge.jsonschema.processors.validation.ObjectSchemaDigesterTest" name="digestsAreCorrectlyComputed" time="0"/>
  <testcase classname="com.github.fge.jsonschema.processors.validation.ObjectSchemaDigesterTest" name="digestsAreCorrectlyComputed" time="0"/>
  <testcase classname="com.github.fge.jsonschema.processors.validation.ObjectSchemaDigesterTest" name="digestsAreCorrectlyComputed" time="0"/>
  <testcase classname="com.github.fge.jsonschema.processors.validation.ObjectSchemaDigesterTest" name="digestsAreCorrectlyComputed" time="0"/>
  <testcase classname="com.github.fge.jsonschema.processors.validation.ObjectSchemaDigesterTest" name="digestsAreCorrectlyComputed" time="0"/>
  <testcase classname="com.github.fge.jsonschema.processors.validation.ObjectSchemaDigesterTest" name="digestsAreCorrectlyComputed" time="0"/>
  <testcase classname="com.github.fge.jsonschema.processors.validation.ObjectSchemaDigesterTest" name="digestsAreCorrectlyComputed" time="0"/>
  <testcase classname="com.github.fge.jsonschema.processors.validation.ObjectSchemaDigesterTest" name="digestsAreCorrectlyComputed" time="0"/>
  <testcase classname="com.github.fge.jsonschema.keyword.digest.common.MaxLengthDigesterTest" name="digestsAreCorrectlyComputed" time="0"/>
  <testcase classname="com.github.fge.jsonschema.keyword.digest.common.MaxLengthDigesterTest" name="digestsAreCorrectlyComputed" time="0"/>
  <testcase classname="com.github.fge.jsonschema.keyword.digest.common.MaxLengthDigesterTest" name="digestsAreCorrectlyComputed" time="0"/>
  <testcase classname="com.github.fge.jsonschema.keyword.digest.draftv4.AllOfDigesterTest" name="digestsAreCorrectlyComputed" time="0"/>
  <testcase classname="com.github.fge.jsonschema.keyword.digest.draftv4.AllOfDigesterTest" name="digestsAreCorrectlyComputed" time="0"/>
  <testcase classname="com.github.fge.jsonschema.keyword.digest.draftv4.AllOfDigesterTest" name="digestsAreCorrectlyComputed" time="0"/>
  <testcase classname="com.github.fge.jsonschema.keyword.digest.draftv4.MultipleOfDigesterTest" name="digestsAreCorrectlyComputed" time="0"/>
  <testcase classname="com.github.fge.jsonschema.keyword.digest.draftv4.MultipleOfDigesterTest" name="digestsAreCorrectlyComputed" time="0.001"/>
  <testcase classname="com.github.fge.jsonschema.keyword.digest.draftv4.MultipleOfDigesterTest" name="digestsAreCorrectlyComputed" time="0"/>
  <testcase classname="com.github.fge.jsonschema.keyword.digest.draftv4.MultipleOfDigesterTest" name="digestsAreCorrectlyComputed" time="0"/>
  <testcase classname="com.github.fge.jsonschema.keyword.digest.draftv4.MultipleOfDigesterTest" name="digestsAreCorrectlyComputed" time="0.001"/>
  <testcase classname="com.github.fge.jsonschema.keyword.digest.draftv4.MultipleOfDigesterTest" name="digestsAreCorrectlyComputed" time="0"/>
  <testcase classname="com.github.fge.jsonschema.keyword.digest.draftv4.MultipleOfDigesterTest" name="digestsAreCorrectlyComputed" time="0.001"/>
  <testcase classname="com.github.fge.jsonschema.keyword.digest.draftv4.MultipleOfDigesterTest" name="digestsAreCorrectlyComputed" time="0"/>
  <testcase classname="com.github.fge.jsonschema.format.common.RegexTest" name="instanceIsCorrectlyAnalyzed" time="0.006"/>
  <testcase classname="com.github.fge.jsonschema.format.common.RegexTest" name="instanceIsCorrectlyAnalyzed" time="0.032"/>
  <testcase classname="com.github.fge.jsonschema.format.common.RegexTest" name="instanceIsCorrectlyAnalyzed" time="0"/>
  <testcase classname="com.github.fge.jsonschema.format.common.RegexTest" name="instanceIsCorrectlyAnalyzed" time="0.001"/>
  <testcase classname="com.github.fge.jsonschema.format.common.RegexTest" name="instanceIsCorrectlyAnalyzed" time="0.001"/>
  <testcase classname="com.github.fge.jsonschema.format.draftv3.TimeTest" name="instanceIsCorrectlyAnalyzed" time="0.001"/>
  <testcase classname="com.github.fge.jsonschema.format.draftv3.TimeTest" name="instanceIsCorrectlyAnalyzed" time="0.001"/>
  <testcase classname="com.github.fge.jsonschema.format.draftv3.TimeTest" name="instanceIsCorrectlyAnalyzed" time="0"/>
  <testcase classname="com.github.fge.jsonschema.format.draftv3.TimeTest" name="instanceIsCorrectlyAnalyzed" time="0.003"/>
  <testcase classname="com.github.fge.jsonschema.format.draftv3.TimeTest" name="instanceIsCorrectlyAnalyzed" time="0"/>
  <testcase classname="com.github.fge.jsonschema.format.draftv3.TimeTest" name="instanceIsCorrectlyAnalyzed" time="0"/>
  <testcase classname="com.github.fge.jsonschema.format.draftv3.TimeTest" name="instanceIsCorrectlyAnalyzed" time="0.001"/>
  <testcase classname="com.github.fge.jsonschema.keyword.validator.common.MaxLengthValidatorTest" name="instancesAreValidatedCorrectly" time="0.001"/>
  <testcase classname="com.github.fge.jsonschema.keyword.validator.common.MaxLengthValidatorTest" name="instancesAreValidatedCorrectly" time="0"/>
  <testcase classname="com.github.fge.jsonschema.keyword.validator.common.MaxLengthValidatorTest" name="instancesAreValidatedCorrectly" time="0"/>
  <testcase classname="com.github.fge.jsonschema.keyword.validator.common.MaxLengthValidatorTest" name="instancesAreValidatedCorrectly" time="0.001"/>
  <testcase classname="com.github.fge.jsonschema.keyword.validator.draftv4.MultipleOfValidatorTest" name="instancesAreValidatedCorrectly" time="0.001"/>
  <testcase classname="com.github.fge.jsonschema.keyword.validator.draftv4.MultipleOfValidatorTest" name="instancesAreValidatedCorrectly" time="0"/>
  <testcase classname="com.github.fge.jsonschema.keyword.validator.draftv4.MultipleOfValidatorTest" name="instancesAreValidatedCorrectly" time="0.001"/>
  <testcase classname="com.github.fge.jsonschema.keyword.validator.draftv4.MultipleOfValidatorTest" name="instancesAreValidatedCorrectly" time="0.001"/>
  <testcase classname="com.github.fge.jsonschema.keyword.validator.callback.draftv4.AnyOfValidatorTest" name="KoThenKoWorks" time="0.001"/>
  <testcase classname="com.github.fge.jsonschema.keyword.validator.callback.draftv4.AnyOfValidatorTest" name="OkThenKoWorks" time="0.001"/>
  <testcase classname="com.github.fge.jsonschema.keyword.validator.callback.draftv4.AnyOfValidatorTest" name="OkThenOkWorks" time="0"/>
  <testcase classname="com.github.fge.jsonschema.keyword.validator.callback.draftv4.AnyOfValidatorTest" name="exceptionOnFirstProcessingWorks" time="0.001"/>
  <testcase classname="com.github.fge.jsonschema.keyword.validator.callback.draftv4.AnyOfValidatorTest" name="exceptionOnSecondProcessingWorks" time="0.001"/>
  <testcase classname="com.github.fge.jsonschema.processors.validation.ObjectSchemaSelectorTest" name="schemaPointersAreCorrectlyComputed" time="0.001"/>
  <testcase classname="com.github.fge.jsonschema.processors.validation.ObjectSchemaSelectorTest" name="schemaPointersAreCorrectlyComputed" time="0.001"/>
  <testcase classname="com.github.fge.jsonschema.processors.validation.ObjectSchemaSelectorTest" name="schemaPointersAreCorrectlyComputed" time="0"/>
  <testcase classname="com.github.fge.jsonschema.processors.validation.ObjectSchemaSelectorTest" name="schemaPointersAreCorrectlyComputed" time="0"/>
  <testcase classname="com.github.fge.jsonschema.processors.validation.ObjectSchemaSelectorTest" name="schemaPointersAreCorrectlyComputed" time="0.001"/>
  <testcase classname="com.github.fge.jsonschema.processors.validation.ObjectSchemaSelectorTest" name="schemaPointersAreCorrectlyComputed" time="0"/>
  <testcase classname="com.github.fge.jsonschema.processors.validation.ObjectSchemaSelectorTest" name="schemaPointersAreCorrectlyComputed" time="0"/>
  <testcase classname="com.github.fge.jsonschema.processors.validation.ObjectSchemaSelectorTest" name="schemaPointersAreCorrectlyComputed" time="0"/>
  <testcase classname="com.github.fge.jsonschema.processors.validation.ObjectSchemaSelectorTest" name="schemaPointersAreCorrectlyComputed" time="0"/>
  <testcase classname="com.github.fge.jsonschema.processors.validation.ObjectSchemaSelectorTest" name="schemaPointersAreCorrectlyComputed" time="0"/>
  <testcase classname="com.github.fge.jsonschema.keyword.digest.common.MinimumDigesterTest" name="keywordExists" time="0"/>
  <testcase classname="com.github.fge.jsonschema.keyword.digest.draftv4.AnyOfDigesterTest" name="keywordExists" time="0"/>
  <testcase classname="com.github.fge.jsonschema.keyword.digest.draftv4.NotDigesterTest" name="keywordExists" time="0"/>
  <testcase classname="com.github.fge.jsonschema.format.common.URITest" name="formatAttributeIsSupported" time="0"/>
  <testcase classname="com.github.fge.jsonschema.format.draftv3.UTCMillisecTest" name="formatAttributeIsSupported" time="0"/>
  <testcase classname="com.github.fge.jsonschema.keyword.validator.common.MinimumValidatorTest" name="keywordExists" time="0"/>
  <testcase classname="com.github.fge.jsonschema.keyword.validator.draftv4.RequiredValidatorTest" name="keywordExists" time="0"/>
  <testcase classname="com.github.fge.jsonschema.keyword.validator.callback.draftv4.DependenciesValidatorTest" name="keywordExists" time="0"/>
  <testcase classname="com.github.fge.jsonschema.format.draftv3.UTCMillisecTest" name="retestAttribute" time="0"/>
  <testcase classname="com.github.fge.jsonschema.processors.validation.ValidationProcessorTest" name="childrenAreExploredOnDemandEvenIfContainerFails" time="0.001"/>
  <testcase classname="com.github.fge.jsonschema.processors.validation.ValidationProcessorTest" name="childrenAreNotExploredByDefaultIfContainerFails" time="0"/>
  <testcase classname="com.github.fge.jsonschema.processors.validation.ValidationProcessorTest" name="circularReferencingDuringValidationIsDetected" time="0.009"/>
  <testcase classname="com.github.fge.jsonschema.processors.validation.ValidationProcessorTest" name="enteringSamePointerWithDifferentPathsDoesNotThrowException" time="0.006"/>
  <testcase classname="com.github.fge.jsonschema.keyword.digest.common.MinimumDigesterTest" name="digestsAreCorrectlyComputed" time="0.002"/>
  <testcase classname="com.github.fge.jsonschema.keyword.digest.common.MinimumDigesterTest" name="digestsAreCorrectlyComputed" time="0.001"/>
  <testcase classname="com.github.fge.jsonschema.keyword.digest.common.MinimumDigesterTest" name="digestsAreCorrectlyComputed" time="0"/>
  <testcase classname="com.github.fge.jsonschema.keyword.digest.common.MinimumDigesterTest" name="digestsAreCorrectlyComputed" time="0"/>
  <testcase classname="com.github.fge.jsonschema.keyword.digest.common.MinimumDigesterTest" name="digestsAreCorrectlyComputed" time="0"/>
  <testcase classname="com.github.fge.jsonschema.keyword.digest.common.MinimumDigesterTest" name="digestsAreCorrectlyComputed" time="0"/>
  <testcase classname="com.github.fge.jsonschema.keyword.digest.common.MinimumDigesterTest" name="digestsAreCorrectlyComputed" time="0"/>
  <testcase classname="com.github.fge.jsonschema.keyword.digest.common.MinimumDigesterTest" name="digestsAreCorrectlyComputed" time="0"/>
  <testcase classname="com.github.fge.jsonschema.keyword.digest.common.MinimumDigesterTest" name="digestsAreCorrectlyComputed" time="0.001"/>
  <testcase classname="com.github.fge.jsonschema.keyword.digest.common.MinimumDigesterTest" name="digestsAreCorrectlyComputed" time="0"/>
  <testcase classname="com.github.fge.jsonschema.keyword.digest.common.MinimumDigesterTest" name="digestsAreCorrectlyComputed" time="0"/>
  <testcase classname="com.github.fge.jsonschema.keyword.digest.common.MinimumDigesterTest" name="digestsAreCorrectlyComputed" time="0"/>
  <testcase classname="com.github.fge.jsonschema.keyword.digest.common.MinimumDigesterTest" name="digestsAreCorrectlyComputed" time="0"/>
  <testcase classname="com.github.fge.jsonschema.keyword.digest.common.MinimumDigesterTest" name="digestsAreCorrectlyComputed" time="0"/>
  <testcase classname="com.github.fge.jsonschema.keyword.digest.common.MinimumDigesterTest" name="digestsAreCorrectlyComputed" time="0"/>
  <testcase classname="com.github.fge.jsonschema.keyword.digest.common.MinimumDigesterTest" name="digestsAreCorrectlyComputed" time="0"/>
  <testcase classname="com.github.fge.jsonschema.keyword.digest.common.MinimumDigesterTest" name="digestsAreCorrectlyComputed" time="0"/>
  <testcase classname="com.github.fge.jsonschema.keyword.digest.draftv4.AnyOfDigesterTest" name="digestsAreCorrectlyComputed" time="0"/>
  <testcase classname="com.github.fge.jsonschema.keyword.digest.draftv4.AnyOfDigesterTest" name="digestsAreCorrectlyComputed" time="0"/>
  <testcase classname="com.github.fge.jsonschema.keyword.digest.draftv4.AnyOfDigesterTest" name="digestsAreCorrectlyComputed" time="0"/>
  <testcase classname="com.github.fge.jsonschema.keyword.digest.draftv4.NotDigesterTest" name="digestsAreCorrectlyComputed" time="0"/>
  <testcase classname="com.github.fge.jsonschema.keyword.digest.draftv4.NotDigesterTest" name="digestsAreCorrectlyComputed" time="0"/>
  <testcase classname="com.github.fge.jsonschema.keyword.digest.draftv4.NotDigesterTest" name="digestsAreCorrectlyComputed" time="0"/>
  <testcase classname="com.github.fge.jsonschema.format.common.URITest" name="instanceIsCorrectlyAnalyzed" time="0"/>
  <testcase classname="com.github.fge.jsonschema.format.common.URITest" name="instanceIsCorrectlyAnalyzed" time="0"/>
  <testcase classname="com.github.fge.jsonschema.format.common.URITest" name="instanceIsCorrectlyAnalyzed" time="0.001"/>
  <testcase classname="com.github.fge.jsonschema.format.common.URITest" name="instanceIsCorrectlyAnalyzed" time="0"/>
  <testcase classname="com.github.fge.jsonschema.keyword.validator.common.MinimumValidatorTest" name="instancesAreValidatedCorrectly" time="0"/>
  <testcase classname="com.github.fge.jsonschema.keyword.validator.common.MinimumValidatorTest" name="instancesAreValidatedCorrectly" time="0.001"/>
  <testcase classname="com.github.fge.jsonschema.keyword.validator.common.MinimumValidatorTest" name="instancesAreValidatedCorrectly" time="0"/>
  <testcase classname="com.github.fge.jsonschema.keyword.validator.common.MinimumValidatorTest" name="instancesAreValidatedCorrectly" time="0.001"/>
  <testcase classname="com.github.fge.jsonschema.keyword.validator.common.MinimumValidatorTest" name="instancesAreValidatedCorrectly" time="0.001"/>
  <testcase classname="com.github.fge.jsonschema.keyword.validator.common.MinimumValidatorTest" name="instancesAreValidatedCorrectly" time="0"/>
  <testcase classname="com.github.fge.jsonschema.keyword.validator.common.MinimumValidatorTest" name="instancesAreValidatedCorrectly" time="0.003"/>
  <testcase classname="com.github.fge.jsonschema.keyword.validator.common.MinimumValidatorTest" name="instancesAreValidatedCorrectly" time="0"/>
  <testcase classname="com.github.fge.jsonschema.keyword.validator.draftv4.RequiredValidatorTest" name="instancesAreValidatedCorrectly" time="0"/>
  <testcase classname="com.github.fge.jsonschema.keyword.validator.draftv4.RequiredValidatorTest" name="instancesAreValidatedCorrectly" time="0.001"/>
  <testcase classname="com.github.fge.jsonschema.keyword.validator.callback.draftv4.DependenciesValidatorTest" name="KoThenKoWorks" time="0.002"/>
  <testcase classname="com.github.fge.jsonschema.keyword.validator.callback.draftv4.DependenciesValidatorTest" name="OkThenKoWorks" time="0"/>
  <testcase classname="com.github.fge.jsonschema.keyword.validator.callback.draftv4.DependenciesValidatorTest" name="OkThenOkWorks" time="0.001"/>
  <testcase classname="com.github.fge.jsonschema.keyword.validator.callback.draftv4.DependenciesValidatorTest" name="exceptionOnFirstProcessingWorks" time="0.001"/>
  <testcase classname="com.github.fge.jsonschema.keyword.validator.callback.draftv4.DependenciesValidatorTest" name="exceptionOnSecondProcessingWorks" time="0.001"/>
  <testcase classname="com.github.fge.jsonschema.format.draftv3.UTCMillisecTest" name="userIsWarnedAboutNegativeEpochs" time="0.001"/>
  <testcase classname="com.github.fge.jsonschema.format.draftv3.UTCMillisecTest" name="userIsWarnedAboutNegativeEpochs" time="0"/>
  <testcase classname="com.github.fge.jsonschema.format.draftv3.UTCMillisecTest" name="userIsWarnedAboutNegativeEpochs" time="0"/>
  <testcase classname="com.github.fge.jsonschema.format.draftv3.UTCMillisecTest" name="userIsWarnedAboutPotentialOverflows" time="0"/>
  <testcase classname="com.github.fge.jsonschema.format.draftv3.UTCMillisecTest" name="userIsWarnedAboutPotentialOverflows" time="0"/>
  <testcase classname="com.github.fge.jsonschema.keyword.digest.common.MinItemsDigesterTest" name="keywordExists" time="0"/>
  <testcase classname="com.github.fge.jsonschema.keyword.digest.draftv4.DraftV4DependenciesDigesterTest" name="keywordExists" time="0"/>
  <testcase classname="com.github.fge.jsonschema.keyword.digest.draftv4.OneOfDigesterTest" name="keywordExists" time="0.001"/>
  <testcase classname="com.github.fge.jsonschema.format.draftv3.DateTest" name="formatAttributeIsSupported" time="0"/>
  <testcase classname="com.github.fge.jsonschema.keyword.validator.common.MinItemsValidatorTest" name="keywordExists" time="0.003"/>
  <testcase classname="com.github.fge.jsonschema.library.KeywordTest" name="cannotCreateKeywordWithNullName" time="0"/>
  <testcase classname="com.github.fge.jsonschema.library.KeywordTest" name="cannotInjectNullDigester" time="0"/>
  <testcase classname="com.github.fge.jsonschema.library.KeywordTest" name="cannotInjectNullSyntaxChecker" time="0.001"/>
  <testcase classname="com.github.fge.jsonschema.library.KeywordTest" name="identityDigesterTypesMustNotBeNull" time="0"/>
  <testcase classname="com.github.fge.jsonschema.library.KeywordTest" name="inappropriateConstructorThrowsAppropriateError" time="0"/>
  <testcase classname="com.github.fge.jsonschema.library.KeywordTest" name="simpleDigesterTypesMustNotBeNull" time="0"/>
  <testcase classname="com.github.fge.jsonschema.library.KeywordTest" name="validatorClassMustBePairedWithDigester" time="0"/>
  <testcase classname="com.github.fge.jsonschema.library.KeywordTest" name="whenValidatorIsPresentSyntaxCheckerMustBeThere" time="0"/>
  <testcase classname="com.github.fge.jsonschema.keyword.digest.common.MinItemsDigesterTest" name="digestsAreCorrectlyComputed" time="0"/>
  <testcase classname="com.github.fge.jsonschema.keyword.digest.common.MinItemsDigesterTest" name="digestsAreCorrectlyComputed" time="0"/>
  <testcase classname="com.github.fge.jsonschema.keyword.digest.common.MinItemsDigesterTest" name="digestsAreCorrectlyComputed" time="0"/>
  <testcase classname="com.github.fge.jsonschema.keyword.digest.draftv4.DraftV4DependenciesDigesterTest" name="digestsAreCorrectlyComputed" time="0"/>
  <testcase classname="com.github.fge.jsonschema.keyword.digest.draftv4.DraftV4DependenciesDigesterTest" name="digestsAreCorrectlyComputed" time="0"/>
  <testcase classname="com.github.fge.jsonschema.keyword.digest.draftv4.DraftV4DependenciesDigesterTest" name="digestsAreCorrectlyComputed" time="0"/>
  <testcase classname="com.github.fge.jsonschema.keyword.digest.draftv4.DraftV4DependenciesDigesterTest" name="digestsAreCorrectlyComputed" time="0"/>
  <testcase classname="com.github.fge.jsonschema.keyword.digest.draftv4.DraftV4DependenciesDigesterTest" name="digestsAreCorrectlyComputed" time="0"/>
  <testcase classname="com.github.fge.jsonschema.keyword.digest.draftv4.DraftV4DependenciesDigesterTest" name="digestsAreCorrectlyComputed" time="0"/>
  <testcase classname="com.github.fge.jsonschema.keyword.digest.draftv4.OneOfDigesterTest" name="digestsAreCorrectlyComputed" time="0"/>
  <testcase classname="com.github.fge.jsonschema.keyword.digest.draftv4.OneOfDigesterTest" name="digestsAreCorrectlyComputed" time="0"/>
  <testcase classname="com.github.fge.jsonschema.keyword.digest.draftv4.OneOfDigesterTest" name="digestsAreCorrectlyComputed" time="0"/>
  <testcase classname="com.github.fge.jsonschema.format.draftv3.DateTest" name="instanceIsCorrectlyAnalyzed" time="0"/>
  <testcase classname="com.github.fge.jsonschema.format.draftv3.DateTest" name="instanceIsCorrectlyAnalyzed" time="0.001"/>
  <testcase classname="com.github.fge.jsonschema.format.draftv3.DateTest" name="instanceIsCorrectlyAnalyzed" time="0"/>
  <testcase classname="com.github.fge.jsonschema.format.draftv3.DateTest" name="instanceIsCorrectlyAnalyzed" time="0.001"/>
  <testcase classname="com.github.fge.jsonschema.format.draftv3.DateTest" name="instanceIsCorrectlyAnalyzed" time="0"/>
  <testcase classname="com.github.fge.jsonschema.keyword.validator.common.MinItemsValidatorTest" name="instancesAreValidatedCorrectly" time="0"/>
  <testcase classname="com.github.fge.jsonschema.keyword.validator.common.MinItemsValidatorTest" name="instancesAreValidatedCorrectly" time="0"/>
  <testcase classname="com.github.fge.jsonschema.keyword.validator.common.MinItemsValidatorTest" name="instancesAreValidatedCorrectly" time="0"/>
  <testcase classname="com.github.fge.jsonschema.library.LibraryBuilderTest" name="cannotAddFormatAttributeWithNullName" time="0"/>
  <testcase classname="com.github.fge.jsonschema.library.LibraryBuilderTest" name="cannotAddNullFormatAttribute" time="0"/>
  <testcase classname="com.github.fge.jsonschema.library.LibraryBuilderTest" name="cannotAddNullKeyword" time="0"/>
  <testcase classname="com.github.fge.jsonschema.library.LibraryBuilderTest" name="cannotRemoveFormatAttributeWithNullName" time="0.001"/>
  <testcase classname="com.github.fge.jsonschema.library.LibraryBuilderTest" name="cannotRemoveNullKeyword" time="0"/>
  <testcase classname="com.github.fge.jsonschema.keyword.digest.common.MinLengthDigesterTest" name="keywordExists" time="0"/>
  <testcase classname="com.github.fge.jsonschema.keyword.digest.draftv4.RequiredDigesterTest" name="keywordExists" time="0"/>
  <testcase classname="com.github.fge.jsonschema.keyword.validator.common.MinLengthValidatorTest" name="keywordExists" time="0"/>
  <testcase classname="com.github.fge.jsonschema.main.JsonSchemaFactoryTest" name="cannotInsertNullLoadingConfiguration" time="0"/>
  <testcase classname="com.github.fge.jsonschema.main.JsonSchemaFactoryTest" name="cannotInsertNullReportProvider" time="0"/>
  <testcase classname="com.github.fge.jsonschema.main.JsonSchemaFactoryTest" name="cannotInsertNullValidationConfiguration" time="0"/>
  <testcase classname="com.github.fge.jsonschema.keyword.digest.common.MinLengthDigesterTest" name="digestsAreCorrectlyComputed" time="0"/>
  <testcase classname="com.github.fge.jsonschema.keyword.digest.common.MinLengthDigesterTest" name="digestsAreCorrectlyComputed" time="0"/>
  <testcase classname="com.github.fge.jsonschema.keyword.digest.common.MinLengthDigesterTest" name="digestsAreCorrectlyComputed" time="0"/>
  <testcase classname="com.github.fge.jsonschema.keyword.digest.draftv4.RequiredDigesterTest" name="digestsAreCorrectlyComputed" time="0"/>
  <testcase classname="com.github.fge.jsonschema.keyword.digest.draftv4.RequiredDigesterTest" name="digestsAreCorrectlyComputed" time="0.001"/>
  <testcase classname="com.github.fge.jsonschema.keyword.digest.draftv4.RequiredDigesterTest" name="digestsAreCorrectlyComputed" time="0"/>
  <testcase classname="com.github.fge.jsonschema.keyword.digest.draftv4.RequiredDigesterTest" name="digestsAreCorrectlyComputed" time="0"/>
  <testcase classname="com.github.fge.jsonschema.keyword.digest.draftv4.RequiredDigesterTest" name="digestsAreCorrectlyComputed" time="0"/>
  <testcase classname="com.github.fge.jsonschema.keyword.digest.draftv4.RequiredDigesterTest" name="digestsAreCorrectlyComputed" time="0"/>
  <testcase classname="com.github.fge.jsonschema.keyword.validator.common.MinLengthValidatorTest" name="instancesAreValidatedCorrectly" time="0.002"/>
  <testcase classname="com.github.fge.jsonschema.keyword.validator.common.MinLengthValidatorTest" name="instancesAreValidatedCorrectly" time="0"/>
  <testcase classname="com.github.fge.jsonschema.keyword.validator.common.MinLengthValidatorTest" name="instancesAreValidatedCorrectly" time="0.001"/>
  <testcase classname="com.github.fge.jsonschema.keyword.validator.common.MinLengthValidatorTest" name="instancesAreValidatedCorrectly" time="0"/>
  <testcase classname="com.github.fge.jsonschema.keyword.digest.common.PatternDigesterTest" name="keywordExists" time="0"/>
  <testcase classname="com.github.fge.jsonschema.keyword.validator.common.UniqueItemsValidatorTest" name="keywordExists" time="0"/>
  <testcase classname="com.github.fge.jsonschema.keyword.special.ExtendsKeywordTest" name="keywordExists" time="0.004"/>
  <testcase classname="com.github.fge.jsonschema.keyword.digest.common.PatternDigesterTest" name="digestsAreCorrectlyComputed" time="0"/>
  <testcase classname="com.github.fge.jsonschema.keyword.digest.common.PatternDigesterTest" name="digestsAreCorrectlyComputed" time="0"/>
  <testcase classname="com.github.fge.jsonschema.keyword.digest.common.PatternDigesterTest" name="digestsAreCorrectlyComputed" time="0"/>
  <testcase classname="com.github.fge.jsonschema.keyword.validator.common.UniqueItemsValidatorTest" name="instancesAreValidatedCorrectly" time="0"/>
  <testcase classname="com.github.fge.jsonschema.keyword.validator.common.UniqueItemsValidatorTest" name="instancesAreValidatedCorrectly" time="0.001"/>
  <testcase classname="com.github.fge.jsonschema.keyword.validator.common.UniqueItemsValidatorTest" name="instancesAreValidatedCorrectly" time="0"/>
  <testcase classname="com.github.fge.jsonschema.keyword.special.ExtendsKeywordTest" name="exceptionIsCorrectlyThrown" time="0.002"/>
  <testcase classname="com.github.fge.jsonschema.keyword.special.ExtendsKeywordTest" name="failingSubSchemaLeadsToFailure" time="0.001"/>
  <testcase classname="com.github.fge.jsonschema.keyword.special.ExtendsKeywordTest" name="successfulSubSchemaLeadsToSuccess" time="0.001"/>
  <testcase classname="com.github.fge.jsonschema.keyword.digest.common.UniqueItemsDigesterTest" name="keywordExists" time="0"/>
  <testcase classname="com.github.fge.jsonschema.keyword.validator.draftv3.DependenciesValidatorTest" name="keywordExists" time="0"/>
  <testcase classname="com.github.fge.jsonschema.keyword.special.NotKeywordTest" name="keywordExists" time="0"/>
  <testcase classname="com.github.fge.jsonschema.keyword.digest.common.UniqueItemsDigesterTest" name="digestsAreCorrectlyComputed" time="0"/>
  <testcase classname="com.github.fge.jsonschema.keyword.digest.common.UniqueItemsDigesterTest" name="digestsAreCorrectlyComputed" time="0"/>
  <testcase classname="com.github.fge.jsonschema.keyword.digest.common.UniqueItemsDigesterTest" name="digestsAreCorrectlyComputed" time="0"/>
  <testcase classname="com.github.fge.jsonschema.keyword.digest.common.UniqueItemsDigesterTest" name="digestsAreCorrectlyComputed" time="0"/>
  <testcase classname="com.github.fge.jsonschema.keyword.digest.common.UniqueItemsDigesterTest" name="digestsAreCorrectlyComputed" time="0"/>
  <testcase classname="com.github.fge.jsonschema.keyword.digest.common.UniqueItemsDigesterTest" name="digestsAreCorrectlyComputed" time="0"/>
  <testcase classname="com.github.fge.jsonschema.keyword.validator.draftv3.DependenciesValidatorTest" name="instancesAreValidatedCorrectly" time="0"/>
  <testcase classname="com.github.fge.jsonschema.keyword.validator.draftv3.DependenciesValidatorTest" name="instancesAreValidatedCorrectly" time="0.003"/>
  <testcase classname="com.github.fge.jsonschema.keyword.special.NotKeywordTest" name="exceptionIsCorrectlyThrown" time="0.001"/>
  <testcase classname="com.github.fge.jsonschema.keyword.special.NotKeywordTest" name="failingSubSchemaLeadsToSuccess" time="0.001"/>
  <testcase classname="com.github.fge.jsonschema.keyword.special.NotKeywordTest" name="successfulSubSchemaLeadsToFailure" time="0.001"/>
  <testcase classname="com.github.fge.jsonschema.keyword.digest.draftv3.DisallowDigesterTest" name="keywordExists" time="0"/>
  <testcase classname="com.github.fge.jsonschema.keyword.validator.draftv3.DisallowValidatorTest" name="keywordExists" time="0"/>
  <testcase classname="com.github.fge.jsonschema.keyword.special.PatternKeywordTest" name="keywordExists" time="0"/>
  <testcase classname="com.github.fge.jsonschema.keyword.digest.draftv3.DisallowDigesterTest" name="digestsAreCorrectlyComputed" time="0"/>
  <testcase classname="com.github.fge.jsonschema.keyword.digest.draftv3.DisallowDigesterTest" name="digestsAreCorrectlyComputed" time="0"/>
  <testcase classname="com.github.fge.jsonschema.keyword.digest.draftv3.DisallowDigesterTest" name="digestsAreCorrectlyComputed" time="0"/>
  <testcase classname="com.github.fge.jsonschema.keyword.digest.draftv3.DisallowDigesterTest" name="digestsAreCorrectlyComputed" time="0"/>
  <testcase classname="com.github.fge.jsonschema.keyword.digest.draftv3.DisallowDigesterTest" name="digestsAreCorrectlyComputed" time="0"/>
  <testcase classname="com.github.fge.jsonschema.keyword.digest.draftv3.DisallowDigesterTest" name="digestsAreCorrectlyComputed" time="0"/>
  <testcase classname="com.github.fge.jsonschema.keyword.digest.draftv3.DisallowDigesterTest" name="digestsAreCorrectlyComputed" time="0"/>
  <testcase classname="com.github.fge.jsonschema.keyword.digest.draftv3.DisallowDigesterTest" name="digestsAreCorrectlyComputed" time="0"/>
  <testcase classname="com.github.fge.jsonschema.keyword.digest.draftv3.DisallowDigesterTest" name="digestsAreCorrectlyComputed" time="0"/>
  <testcase classname="com.github.fge.jsonschema.keyword.digest.draftv3.DisallowDigesterTest" name="digestsAreCorrectlyComputed" time="0"/>
  <testcase classname="com.github.fge.jsonschema.keyword.digest.draftv3.DisallowDigesterTest" name="digestsAreCorrectlyComputed" time="0"/>
  <testcase classname="com.github.fge.jsonschema.keyword.digest.draftv3.DisallowDigesterTest" name="digestsAreCorrectlyComputed" time="0.001"/>
  <testcase classname="com.github.fge.jsonschema.keyword.digest.draftv3.DisallowDigesterTest" name="digestsAreCorrectlyComputed" time="0"/>
  <testcase classname="com.github.fge.jsonschema.keyword.digest.draftv3.DisallowDigesterTest" name="digestsAreCorrectlyComputed" time="0"/>
  <testcase classname="com.github.fge.jsonschema.keyword.digest.draftv3.DisallowDigesterTest" name="digestsAreCorrectlyComputed" time="0"/>
  <testcase classname="com.github.fge.jsonschema.keyword.digest.draftv3.DisallowDigesterTest" name="digestsAreCorrectlyComputed" time="0"/>
  <testcase classname="com.github.fge.jsonschema.keyword.digest.draftv3.DisallowDigesterTest" name="digestsAreCorrectlyComputed" time="0"/>
  <testcase classname="com.github.fge.jsonschema.keyword.digest.draftv3.DisallowDigesterTest" name="digestsAreCorrectlyComputed" time="0"/>
  <testcase classname="com.github.fge.jsonschema.keyword.digest.draftv3.DisallowDigesterTest" name="digestsAreCorrectlyComputed" time="0"/>
  <testcase classname="com.github.fge.jsonschema.keyword.digest.draftv3.DisallowDigesterTest" name="digestsAreCorrectlyComputed" time="0"/>
  <testcase classname="com.github.fge.jsonschema.keyword.digest.draftv3.DisallowDigesterTest" name="digestsAreCorrectlyComputed" time="0"/>
  <testcase classname="com.github.fge.jsonschema.keyword.digest.draftv3.DisallowDigesterTest" name="digestsAreCorrectlyComputed" time="0"/>
  <testcase classname="com.github.fge.jsonschema.keyword.digest.draftv3.DisallowDigesterTest" name="digestsAreCorrectlyComputed" time="0"/>
  <testcase classname="com.github.fge.jsonschema.keyword.validator.draftv3.DisallowValidatorTest" name="instancesAreValidatedCorrectly" time="0"/>
  <testcase classname="com.github.fge.jsonschema.keyword.validator.draftv3.DisallowValidatorTest" name="instancesAreValidatedCorrectly" time="0"/>
  <testcase classname="com.github.fge.jsonschema.keyword.validator.draftv3.DisallowValidatorTest" name="instancesAreValidatedCorrectly" time="0.001"/>
  <testcase classname="com.github.fge.jsonschema.keyword.validator.draftv3.DisallowValidatorTest" name="instancesAreValidatedCorrectly" time="0"/>
  <testcase classname="com.github.fge.jsonschema.keyword.validator.draftv3.DisallowValidatorTest" name="instancesAreValidatedCorrectly" time="0"/>
  <testcase classname="com.github.fge.jsonschema.keyword.validator.draftv3.DisallowValidatorTest" name="instancesAreValidatedCorrectly" time="0"/>
  <testcase classname="com.github.fge.jsonschema.keyword.validator.draftv3.DisallowValidatorTest" name="instancesAreValidatedCorrectly" time="0.001"/>
  <testcase classname="com.github.fge.jsonschema.keyword.validator.draftv3.DisallowValidatorTest" name="instancesAreValidatedCorrectly" time="0"/>
  <testcase classname="com.github.fge.jsonschema.keyword.validator.draftv3.DisallowValidatorTest" name="instancesAreValidatedCorrectly" time="0"/>
  <testcase classname="com.github.fge.jsonschema.keyword.validator.draftv3.DisallowValidatorTest" name="instancesAreValidatedCorrectly" time="0.001"/>
  <testcase classname="com.github.fge.jsonschema.keyword.validator.draftv3.DisallowValidatorTest" name="instancesAreValidatedCorrectly" time="0"/>
  <testcase classname="com.github.fge.jsonschema.keyword.special.PatternKeywordTest" name="instancesAreValidatedCorrectly" time="0"/>
  <testcase classname="com.github.fge.jsonschema.keyword.special.PatternKeywordTest" name="instancesAreValidatedCorrectly" time="0.001"/>
  <testcase classname="com.github.fge.jsonschema.keyword.special.PatternKeywordTest" name="instancesAreValidatedCorrectly" time="0"/>
  <testcase classname="com.github.fge.jsonschema.keyword.digest.draftv3.DivisibleByDigesterTest" name="keywordExists" time="0"/>
  <testcase classname="com.github.fge.jsonschema.keyword.validator.draftv3.DivisibleByValidatorTest" name="keywordExists" time="0"/>
  <testcase classname="com.github.fge.jsonschema.keyword.digest.draftv3.DivisibleByDigesterTest" name="digestsAreCorrectlyComputed" time="0"/>
  <testcase classname="com.github.fge.jsonschema.keyword.digest.draftv3.DivisibleByDigesterTest" name="digestsAreCorrectlyComputed" time="0"/>
  <testcase classname="com.github.fge.jsonschema.keyword.digest.draftv3.DivisibleByDigesterTest" name="digestsAreCorrectlyComputed" time="0"/>
  <testcase classname="com.github.fge.jsonschema.keyword.digest.draftv3.DivisibleByDigesterTest" name="digestsAreCorrectlyComputed" time="0"/>
  <testcase classname="com.github.fge.jsonschema.keyword.digest.draftv3.DivisibleByDigesterTest" name="digestsAreCorrectlyComputed" time="0"/>
  <testcase classname="com.github.fge.jsonschema.keyword.digest.draftv3.DivisibleByDigesterTest" name="digestsAreCorrectlyComputed" time="0"/>
  <testcase classname="com.github.fge.jsonschema.keyword.digest.draftv3.DivisibleByDigesterTest" name="digestsAreCorrectlyComputed" time="0"/>
  <testcase classname="com.github.fge.jsonschema.keyword.digest.draftv3.DivisibleByDigesterTest" name="digestsAreCorrectlyComputed" time="0"/>
  <testcase classname="com.github.fge.jsonschema.keyword.validator.draftv3.DivisibleByValidatorTest" name="instancesAreValidatedCorrectly" time="0.001"/>
  <testcase classname="com.github.fge.jsonschema.keyword.validator.draftv3.DivisibleByValidatorTest" name="instancesAreValidatedCorrectly" time="0.003"/>
  <testcase classname="com.github.fge.jsonschema.keyword.validator.draftv3.DivisibleByValidatorTest" name="instancesAreValidatedCorrectly" time="0.001"/>
  <testcase classname="com.github.fge.jsonschema.keyword.validator.draftv3.DivisibleByValidatorTest" name="instancesAreValidatedCorrectly" time="0.002"/>
  <testcase classname="com.github.fge.jsonschema.keyword.digest.draftv3.DraftV3DependenciesDigesterTest" name="keywordExists" time="0"/>
  <testcase classname="com.github.fge.jsonschema.keyword.digest.draftv3.DraftV3DependenciesDigesterTest" name="digestsAreCorrectlyComputed" time="0.002"/>
  <testcase classname="com.github.fge.jsonschema.keyword.digest.draftv3.DraftV3DependenciesDigesterTest" name="digestsAreCorrectlyComputed" time="0"/>
  <testcase classname="com.github.fge.jsonschema.keyword.digest.draftv3.DraftV3DependenciesDigesterTest" name="digestsAreCorrectlyComputed" time="0"/>
  <testcase classname="com.github.fge.jsonschema.keyword.digest.draftv3.DraftV3DependenciesDigesterTest" name="digestsAreCorrectlyComputed" time="0"/>
  <testcase classname="com.github.fge.jsonschema.keyword.digest.draftv3.DraftV3DependenciesDigesterTest" name="digestsAreCorrectlyComputed" time="0"/>
  <testcase classname="com.github.fge.jsonschema.keyword.digest.draftv3.DraftV3DependenciesDigesterTest" name="digestsAreCorrectlyComputed" time="0.001"/>
  <testcase classname="com.github.fge.jsonschema.keyword.digest.draftv3.DraftV3DependenciesDigesterTest" name="digestsAreCorrectlyComputed" time="0"/>
  <testcase classname="com.github.fge.jsonschema.keyword.digest.draftv3.DraftV3DependenciesDigesterTest" name="digestsAreCorrectlyComputed" time="0"/>
  <testcase classname="com.github.fge.jsonschema.keyword.digest.draftv3.DraftV3DependenciesDigesterTest" name="digestsAreCorrectlyComputed" time="0"/>
  <testcase classname="com.github.fge.jsonschema.keyword.digest.draftv3.DraftV3DependenciesDigesterTest" name="digestsAreCorrectlyComputed" time="0"/>
</testsuite>